
*** Running vivado
    with args -log ov7670_top.vdi -applog -m64 -product Vivado -messageDb vivado.pb -mode batch -source ov7670_top.tcl -notrace


****** Vivado v2025.2 (64-bit)
  **** SW Build 6299465 on Fri Nov 14 12:34:56 MST 2025
  **** IP Build 6300035 on Fri Nov 14 10:48:45 MST 2025
  **** SharedData Build 6298862 on Thu Nov 13 04:50:51 MST 2025
  **** Start of session at: Mon May 11 12:39:54 2026
    ** Copyright 1986-2022 Xilinx, Inc. All Rights Reserved.
    ** Copyright 2022-2025 Advanced Micro Devices, Inc. All Rights Reserved.

source ov7670_top.tcl -notrace
Command: link_design -top ov7670_top -part xc7a35tcpg236-2
Design is defaulting to srcset: sources_1
Design is defaulting to constrset: constrs_1
INFO: [Device 21-403] Loading part xc7a35tcpg236-2
INFO: [Project 1-5699] Read binary netlist with skipMacroContent - 1
INFO: [Project 1-454] Reading design checkpoint '/home/splexmus/Documents/Basys3-Camera/src/project_1.gen/sources_1/ip/ila_1_1/ila_1.dcp' for cell 'ila_cnn'
Netlist sorting complete. Time (s): cpu = 00:00:00.06 ; elapsed = 00:00:00.07 . Memory (MB): peak = 1766.930 ; gain = 0.000 ; free physical = 8071 ; free virtual = 25235
INFO: [Netlist 29-17] Analyzing 425 Unisim elements for replacement
INFO: [Netlist 29-28] Unisim Transformation completed in 0 CPU seconds
INFO: [Project 1-479] Netlist was created with Vivado 2025.2
INFO: [Project 1-570] Preparing netlist for logic optimization
INFO: [Chipscope 16-324] Core: ila_cnn UUID: df494ad0-8c94-58e3-98f8-b047649d913e 
Parsing XDC File [/home/splexmus/Documents/Basys3-Camera/src/project_1.gen/sources_1/ip/clk_wiz_0/clk_wiz_0_board.xdc] for cell 'clk_div/inst'
Finished Parsing XDC File [/home/splexmus/Documents/Basys3-Camera/src/project_1.gen/sources_1/ip/clk_wiz_0/clk_wiz_0_board.xdc] for cell 'clk_div/inst'
Parsing XDC File [/home/splexmus/Documents/Basys3-Camera/src/project_1.gen/sources_1/ip/clk_wiz_0/clk_wiz_0.xdc] for cell 'clk_div/inst'
INFO: [Timing 38-35] Done setting XDC timing constraints. [/home/splexmus/Documents/Basys3-Camera/src/project_1.gen/sources_1/ip/clk_wiz_0/clk_wiz_0.xdc:54]
INFO: [Timing 38-2] Deriving generated clocks [/home/splexmus/Documents/Basys3-Camera/src/project_1.gen/sources_1/ip/clk_wiz_0/clk_wiz_0.xdc:54]
get_clocks: Time (s): cpu = 00:00:07 ; elapsed = 00:00:07 . Memory (MB): peak = 2457.176 ; gain = 543.797 ; free physical = 7531 ; free virtual = 24695
Finished Parsing XDC File [/home/splexmus/Documents/Basys3-Camera/src/project_1.gen/sources_1/ip/clk_wiz_0/clk_wiz_0.xdc] for cell 'clk_div/inst'
Parsing XDC File [/home/splexmus/Documents/Basys3-Camera/src/project_1.gen/sources_1/ip/ila_1_1/ila_v6_2/constraints/ila_impl.xdc] for cell 'ila_cnn/inst'
WARNING: [Vivado_Tcl 4-921] Waiver ID 'CDC-10' -to list should not be empty. [/home/splexmus/Documents/Basys3-Camera/src/project_1.gen/sources_1/ip/ila_1_1/ila_v6_2/constraints/ila_impl.xdc:31]
Finished Parsing XDC File [/home/splexmus/Documents/Basys3-Camera/src/project_1.gen/sources_1/ip/ila_1_1/ila_v6_2/constraints/ila_impl.xdc] for cell 'ila_cnn/inst'
Parsing XDC File [/home/splexmus/Documents/Basys3-Camera/src/project_1.gen/sources_1/ip/ila_1_1/ila_v6_2/constraints/ila.xdc] for cell 'ila_cnn/inst'
WARNING: [Vivado_Tcl 4-921] Waiver ID 'CDC-10' -to list should not be empty. [/home/splexmus/Documents/Basys3-Camera/src/project_1.gen/sources_1/ip/ila_1_1/ila_v6_2/constraints/ila.xdc:108]
Finished Parsing XDC File [/home/splexmus/Documents/Basys3-Camera/src/project_1.gen/sources_1/ip/ila_1_1/ila_v6_2/constraints/ila.xdc] for cell 'ila_cnn/inst'
Parsing XDC File [/home/splexmus/Documents/Basys3-Camera/src/project_1.srcs/constrs_1/new/constrain_1.xdc]
Finished Parsing XDC File [/home/splexmus/Documents/Basys3-Camera/src/project_1.srcs/constrs_1/new/constrain_1.xdc]
INFO: [Opt 31-138] Pushed 0 inverter(s) to 0 load pin(s).
INFO: [Project 1-1687] 2 scoped IP constraints or related sub-commands were skipped due to synthesis logic optimizations usually triggered by constant connectivity or unconnected output pins. To review the skipped constraints and messages, run the command 'set_param netlist.IPMsgFiltering false' before opening the design.
Netlist sorting complete. Time (s): cpu = 00:00:00.01 ; elapsed = 00:00:00 . Memory (MB): peak = 2457.176 ; gain = 0.000 ; free physical = 7524 ; free virtual = 24688
INFO: [Project 1-111] Unisim Transformation Summary:
  A total of 89 instances were transformed.
  CFGLUT5 => CFGLUT5 (SRL16E, SRLC32E): 88 instances
  IOBUF => IOBUF (IBUF, OBUFT): 1 instance 

13 Infos, 2 Warnings, 0 Critical Warnings and 0 Errors encountered.
link_design completed successfully
link_design: Time (s): cpu = 00:00:15 ; elapsed = 00:00:15 . Memory (MB): peak = 2457.211 ; gain = 836.305 ; free physical = 7524 ; free virtual = 24688
Command: opt_design
Attempting to get a license for feature 'Implementation' and/or device 'xc7a35t'
INFO: [Common 17-349] Got license for feature 'Implementation' and/or device 'xc7a35t'
Running DRC as a precondition to command opt_design

Starting DRC Task
INFO: [DRC 23-27] Running DRC with 8 threads
INFO: [Project 1-461] DRC finished with 0 Errors
INFO: [Project 1-462] Please refer to the DRC report (report_drc) for more information.

Time (s): cpu = 00:00:03 ; elapsed = 00:00:01 . Memory (MB): peak = 2497.863 ; gain = 40.652 ; free physical = 7488 ; free virtual = 24652

Starting Cache Timing Information Task
INFO: [Timing 38-35] Done setting XDC timing constraints.
Ending Cache Timing Information Task | Checksum: 1974019ff

Time (s): cpu = 00:00:00.58 ; elapsed = 00:00:00.23 . Memory (MB): peak = 2513.738 ; gain = 15.875 ; free physical = 7492 ; free virtual = 24656

Starting Logic Optimization Task

Phase 1 Initialization

Phase 1.1 Core Generation And Design Setup

Phase 1.1.1 Generate And Synthesize Debug Cores
INFO: [Chipscope 16-329] Generating Script for core instance : dbg_hub 
INFO: [IP_Flow 19-3806] Processing IP xilinx.com:ip:xsdbm:3.0 for cell dbg_hub_CV.
Done building netlist checker database: Time (s): cpu = 00:00:00.01 ; elapsed = 00:00:00 . Memory (MB): peak = 2892.363 ; gain = 0.000 ; free physical = 7093 ; free virtual = 24251
Netlist sorting complete. Time (s): cpu = 00:00:00.02 ; elapsed = 00:00:00.02 . Memory (MB): peak = 2892.363 ; gain = 0.000 ; free physical = 7089 ; free virtual = 24247
Phase 1.1.1 Generate And Synthesize Debug Cores | Checksum: 1fe42fead

Time (s): cpu = 00:01:45 ; elapsed = 00:01:15 . Memory (MB): peak = 2892.363 ; gain = 23.812 ; free physical = 7089 ; free virtual = 24247
Phase 1.1 Core Generation And Design Setup | Checksum: 1fe42fead

Time (s): cpu = 00:01:45 ; elapsed = 00:01:15 . Memory (MB): peak = 2892.363 ; gain = 23.812 ; free physical = 7089 ; free virtual = 24247

Phase 1.2 Setup Constraints And Sort Netlist
Phase 1.2 Setup Constraints And Sort Netlist | Checksum: 1fe42fead

Time (s): cpu = 00:01:45 ; elapsed = 00:01:15 . Memory (MB): peak = 2892.363 ; gain = 23.812 ; free physical = 7084 ; free virtual = 24242
Phase 1 Initialization | Checksum: 1fe42fead

Time (s): cpu = 00:01:45 ; elapsed = 00:01:15 . Memory (MB): peak = 2892.363 ; gain = 23.812 ; free physical = 7084 ; free virtual = 24241

Phase 2 Timer Update And Timing Data Collection

Phase 2.1 Detect if minReqCache needed
Phase 2.1 Detect if minReqCache needed | Checksum: 1fe42fead

Time (s): cpu = 00:01:45 ; elapsed = 00:01:15 . Memory (MB): peak = 2892.363 ; gain = 23.812 ; free physical = 7081 ; free virtual = 24239

Phase 2.2 Timer Update
Phase 2.2 Timer Update | Checksum: 1fe42fead

Time (s): cpu = 00:01:46 ; elapsed = 00:01:15 . Memory (MB): peak = 2892.363 ; gain = 23.812 ; free physical = 7081 ; free virtual = 24239

Phase 2.3 Timing Data Collection
Phase 2.3 Timing Data Collection | Checksum: 1fe42fead

Time (s): cpu = 00:01:46 ; elapsed = 00:01:15 . Memory (MB): peak = 2892.363 ; gain = 23.812 ; free physical = 7081 ; free virtual = 24239
Phase 2 Timer Update And Timing Data Collection | Checksum: 1fe42fead

Time (s): cpu = 00:01:46 ; elapsed = 00:01:15 . Memory (MB): peak = 2892.363 ; gain = 23.812 ; free physical = 7081 ; free virtual = 24239

Phase 3 Retarget
INFO: [Opt 31-1851] Number of loadless carry chains removed were: 0
INFO: [Opt 31-1834] Total Chains To Be Transformed Were: 0 AND Number of Transformed insts Created are: 0
INFO: [Opt 31-1566] Pulled 2 inverters resulting in an inversion of 17 pins
INFO: [Opt 31-138] Pushed 2 inverter(s) to 7 load pin(s).
INFO: [Opt 31-49] Retargeted 0 cell(s).
Phase 3 Retarget | Checksum: 224f9982c

Time (s): cpu = 00:01:46 ; elapsed = 00:01:16 . Memory (MB): peak = 2892.363 ; gain = 23.812 ; free physical = 7081 ; free virtual = 24238
Retarget | Checksum: 224f9982c
INFO: [Opt 31-389] Phase Retarget created 6 cells and removed 16 cells
INFO: [Opt 31-1021] In phase Retarget, 69 netlist objects are constrained preventing optimization. Please run opt_design with -debug_log to get more detail. 

Phase 4 Constant propagation
INFO: [Opt 31-138] Pushed 0 inverter(s) to 0 load pin(s).
Phase 4 Constant propagation | Checksum: 235852b03

Time (s): cpu = 00:01:46 ; elapsed = 00:01:16 . Memory (MB): peak = 2892.363 ; gain = 23.812 ; free physical = 7081 ; free virtual = 24238
Constant propagation | Checksum: 235852b03
INFO: [Opt 31-389] Phase Constant propagation created 0 cells and removed 16 cells
INFO: [Opt 31-1021] In phase Constant propagation, 48 netlist objects are constrained preventing optimization. Please run opt_design with -debug_log to get more detail. 

Phase 5 Sweep
INFO: [Constraints 18-11670] Building netlist checker database with flags, 0x8
Done building netlist checker database: Time (s): cpu = 00:00:00 ; elapsed = 00:00:00 . Memory (MB): peak = 2892.363 ; gain = 0.000 ; free physical = 7081 ; free virtual = 24238
INFO: [Constraints 18-11670] Building netlist checker database with flags, 0x8
Done building netlist checker database: Time (s): cpu = 00:00:00 ; elapsed = 00:00:00.01 . Memory (MB): peak = 2892.363 ; gain = 0.000 ; free physical = 7081 ; free virtual = 24238
Phase 5 Sweep | Checksum: 1ce0e48fd

Time (s): cpu = 00:01:46 ; elapsed = 00:01:16 . Memory (MB): peak = 2892.363 ; gain = 23.812 ; free physical = 7081 ; free virtual = 24238
Sweep | Checksum: 1ce0e48fd
INFO: [Opt 31-389] Phase Sweep created 0 cells and removed 42 cells
INFO: [Opt 31-1021] In phase Sweep, 915 netlist objects are constrained preventing optimization. Please run opt_design with -debug_log to get more detail. 

Phase 6 BUFG optimization
Phase 6 BUFG optimization | Checksum: 1ce0e48fd

Time (s): cpu = 00:01:47 ; elapsed = 00:01:16 . Memory (MB): peak = 2924.379 ; gain = 55.828 ; free physical = 7080 ; free virtual = 24238
BUFG optimization | Checksum: 1ce0e48fd
INFO: [Opt 31-662] Phase BUFG optimization created 0 cells of which 0 are BUFGs and removed 0 cells.

Phase 7 Shift Register Optimization
INFO: [Opt 31-1064] SRL Remap converted 0 SRLs to 0 registers and converted 0 registers of register chains to 0 SRLs
Phase 7 Shift Register Optimization | Checksum: 1ce0e48fd

Time (s): cpu = 00:01:47 ; elapsed = 00:01:16 . Memory (MB): peak = 2924.379 ; gain = 55.828 ; free physical = 7080 ; free virtual = 24238
Shift Register Optimization | Checksum: 1ce0e48fd
INFO: [Opt 31-389] Phase Shift Register Optimization created 0 cells and removed 0 cells

Phase 8 Post Processing Netlist
Phase 8 Post Processing Netlist | Checksum: 1ce0e48fd

Time (s): cpu = 00:01:47 ; elapsed = 00:01:16 . Memory (MB): peak = 2924.379 ; gain = 55.828 ; free physical = 7080 ; free virtual = 24238
Post Processing Netlist | Checksum: 1ce0e48fd
INFO: [Opt 31-389] Phase Post Processing Netlist created 0 cells and removed 0 cells
INFO: [Opt 31-1021] In phase Post Processing Netlist, 57 netlist objects are constrained preventing optimization. Please run opt_design with -debug_log to get more detail. 

Phase 9 Finalization

Phase 9.1 Finalizing Design Cores and Updating Shapes
Phase 9.1 Finalizing Design Cores and Updating Shapes | Checksum: 1d3a46714

Time (s): cpu = 00:01:47 ; elapsed = 00:01:16 . Memory (MB): peak = 2924.379 ; gain = 55.828 ; free physical = 7084 ; free virtual = 24242

Phase 9.2 Verifying Netlist Connectivity

Starting Connectivity Check Task

Time (s): cpu = 00:00:00.02 ; elapsed = 00:00:00.01 . Memory (MB): peak = 2924.379 ; gain = 0.000 ; free physical = 7084 ; free virtual = 24242
Phase 9.2 Verifying Netlist Connectivity | Checksum: 1d3a46714

Time (s): cpu = 00:01:47 ; elapsed = 00:01:16 . Memory (MB): peak = 2924.379 ; gain = 55.828 ; free physical = 7084 ; free virtual = 24242
Phase 9 Finalization | Checksum: 1d3a46714

Time (s): cpu = 00:01:47 ; elapsed = 00:01:16 . Memory (MB): peak = 2924.379 ; gain = 55.828 ; free physical = 7084 ; free virtual = 24242
Opt_design Change Summary
=========================


-------------------------------------------------------------------------------------------------------------------------
|  Phase                        |  #Cells created  |  #Cells Removed  |  #Constrained objects preventing optimizations  |
-------------------------------------------------------------------------------------------------------------------------
|  Retarget                     |               6  |              16  |                                             69  |
|  Constant propagation         |               0  |              16  |                                             48  |
|  Sweep                        |               0  |              42  |                                            915  |
|  BUFG optimization            |               0  |               0  |                                              0  |
|  Shift Register Optimization  |               0  |               0  |                                              0  |
|  Post Processing Netlist      |               0  |               0  |                                             57  |
-------------------------------------------------------------------------------------------------------------------------


Ending Logic Optimization Task | Checksum: 1d3a46714

Time (s): cpu = 00:01:47 ; elapsed = 00:01:16 . Memory (MB): peak = 2924.379 ; gain = 55.828 ; free physical = 7084 ; free virtual = 24242

Starting Power Optimization Task
INFO: [Pwropt 34-132] Skipping clock gating for clocks with a period < 2.00 ns.
INFO: [Timing 38-35] Done setting XDC timing constraints.
Running Vector-less Activity Propagation...

Finished Running Vector-less Activity Propagation
INFO: [Pwropt 34-9] Applying IDT optimizations ...
INFO: [Pwropt 34-10] Applying ODC optimizations ...


Starting PowerOpt Patch Enables Task
INFO: [Pwropt 34-162] WRITE_MODE attribute of 0 BRAM(s) out of a total of 38 has been updated to save power. Run report_power_opt to get a complete listing of the BRAMs updated.
INFO: [Pwropt 34-201] Structural ODC has moved 0 WE to EN ports
Number of BRAM Ports augmented: 46 newly gated: 25 Total Ports: 76
Number of Flops added for Enable Generation: 3

Ending PowerOpt Patch Enables Task | Checksum: 1a9e8812c

Time (s): cpu = 00:00:00.2 ; elapsed = 00:00:00.2 . Memory (MB): peak = 3092.430 ; gain = 0.000 ; free physical = 7210 ; free virtual = 24369
Ending Power Optimization Task | Checksum: 1a9e8812c

Time (s): cpu = 00:00:07 ; elapsed = 00:00:05 . Memory (MB): peak = 3092.430 ; gain = 168.051 ; free physical = 7210 ; free virtual = 24369

Starting Final Cleanup Task

Starting Logic Optimization Task
INFO: [Timing 38-35] Done setting XDC timing constraints.
Ending Logic Optimization Task | Checksum: 29c94850e

Time (s): cpu = 00:00:01 ; elapsed = 00:00:00.53 . Memory (MB): peak = 3092.430 ; gain = 0.000 ; free physical = 7012 ; free virtual = 24170
Ending Final Cleanup Task | Checksum: 29c94850e

Time (s): cpu = 00:00:05 ; elapsed = 00:00:04 . Memory (MB): peak = 3092.430 ; gain = 0.000 ; free physical = 7019 ; free virtual = 24176
Netlist sorting complete. Time (s): cpu = 00:00:00 ; elapsed = 00:00:00.01 . Memory (MB): peak = 3092.430 ; gain = 0.000 ; free physical = 7019 ; free virtual = 24176
INFO: [Common 17-83] Releasing license: Implementation
51 Infos, 2 Warnings, 0 Critical Warnings and 0 Errors encountered.
opt_design completed successfully
opt_design: Time (s): cpu = 00:02:06 ; elapsed = 00:01:31 . Memory (MB): peak = 3092.430 ; gain = 635.219 ; free physical = 7019 ; free virtual = 24176
INFO: [Timing 38-480] Writing timing data to binary archive.
Wrote PlaceDB: Time (s): cpu = 00:00:00 ; elapsed = 00:00:00 . Memory (MB): peak = 3092.430 ; gain = 0.000 ; free physical = 7019 ; free virtual = 24176
Wrote PulsedLatchDB: Time (s): cpu = 00:00:00 ; elapsed = 00:00:00 . Memory (MB): peak = 3092.430 ; gain = 0.000 ; free physical = 7019 ; free virtual = 24176
Writing XDEF routing.
Writing XDEF routing logical nets.
Writing XDEF routing special nets.
Wrote RouteStorage: Time (s): cpu = 00:00:00.1 ; elapsed = 00:00:00.02 . Memory (MB): peak = 3092.430 ; gain = 0.000 ; free physical = 7019 ; free virtual = 24177
Write ShapeDB Complete: Time (s): cpu = 00:00:00.1 ; elapsed = 00:00:00.02 . Memory (MB): peak = 3092.430 ; gain = 0.000 ; free physical = 7019 ; free virtual = 24176
Wrote PlaceStorage: Time (s): cpu = 00:00:00.01 ; elapsed = 00:00:00 . Memory (MB): peak = 3092.430 ; gain = 0.000 ; free physical = 7019 ; free virtual = 24176
Wrote Netlist Cache: Time (s): cpu = 00:00:00 ; elapsed = 00:00:00 . Memory (MB): peak = 3092.430 ; gain = 0.000 ; free physical = 7019 ; free virtual = 24176
Wrote Device Cache: Time (s): cpu = 00:00:00.02 ; elapsed = 00:00:00.01 . Memory (MB): peak = 3092.430 ; gain = 0.000 ; free physical = 7019 ; free virtual = 24177
Write Physdb Complete: Time (s): cpu = 00:00:00.13 ; elapsed = 00:00:00.03 . Memory (MB): peak = 3092.430 ; gain = 0.000 ; free physical = 7019 ; free virtual = 24177
INFO: [Common 17-1381] The checkpoint '/home/splexmus/Documents/Basys3-Camera/src/project_1.runs/impl_1/ov7670_top_opt.dcp' has been generated.
INFO: [Chipscope 16-240] Debug cores have already been implemented
Command: place_design
Attempting to get a license for feature 'Implementation' and/or device 'xc7a35t'
INFO: [Common 17-349] Got license for feature 'Implementation' and/or device 'xc7a35t'
INFO: [Common 17-83] Releasing license: Implementation
INFO: [DRC 23-27] Running DRC with 8 threads
INFO: [Vivado_Tcl 4-198] DRC finished with 0 Errors
INFO: [Vivado_Tcl 4-199] Please refer to the DRC report (report_drc) for more information.
INFO: [Timing 38-35] Done setting XDC timing constraints.
Running DRC as a precondition to command place_design
INFO: [DRC 23-27] Running DRC with 8 threads
INFO: [Vivado_Tcl 4-198] DRC finished with 0 Errors
INFO: [Vivado_Tcl 4-199] Please refer to the DRC report (report_drc) for more information.
INFO: [Place 30-611] Multithreading enabled for place_design using a maximum of 8 CPUs

Starting Placer Task

Phase 1 Placer Initialization

Phase 1.1 Placer Initialization Netlist Sorting
Netlist sorting complete. Time (s): cpu = 00:00:00 ; elapsed = 00:00:00.01 . Memory (MB): peak = 3092.430 ; gain = 0.000 ; free physical = 7028 ; free virtual = 24187
Phase 1.1 Placer Initialization Netlist Sorting | Checksum: 1a13b9e31

Time (s): cpu = 00:00:00.01 ; elapsed = 00:00:00.01 . Memory (MB): peak = 3092.430 ; gain = 0.000 ; free physical = 7028 ; free virtual = 24187
Netlist sorting complete. Time (s): cpu = 00:00:00 ; elapsed = 00:00:00 . Memory (MB): peak = 3092.430 ; gain = 0.000 ; free physical = 7028 ; free virtual = 24187

Phase 1.2 IO Placement/ Clock Placement/ Build Placer Device
Phase 1.2 IO Placement/ Clock Placement/ Build Placer Device | Checksum: 1327410ee

Time (s): cpu = 00:00:02 ; elapsed = 00:00:00.5 . Memory (MB): peak = 3092.430 ; gain = 0.000 ; free physical = 7028 ; free virtual = 24187

Phase 1.3 Build Placer Netlist Model
Phase 1.3 Build Placer Netlist Model | Checksum: 21d426b8b

Time (s): cpu = 00:00:06 ; elapsed = 00:00:02 . Memory (MB): peak = 3092.430 ; gain = 0.000 ; free physical = 7022 ; free virtual = 24181

Phase 1.4 Constrain Clocks/Macros
Phase 1.4 Constrain Clocks/Macros | Checksum: 21d426b8b

Time (s): cpu = 00:00:06 ; elapsed = 00:00:02 . Memory (MB): peak = 3092.430 ; gain = 0.000 ; free physical = 7022 ; free virtual = 24181
Phase 1 Placer Initialization | Checksum: 21d426b8b

Time (s): cpu = 00:00:06 ; elapsed = 00:00:02 . Memory (MB): peak = 3092.430 ; gain = 0.000 ; free physical = 7022 ; free virtual = 24181

Phase 2 Global Placement

Phase 2.1 Floorplanning
Phase 2.1 Floorplanning | Checksum: 1df9f85af

Time (s): cpu = 00:00:08 ; elapsed = 00:00:03 . Memory (MB): peak = 3092.430 ; gain = 0.000 ; free physical = 7048 ; free virtual = 24207

Phase 2.2 Update Timing before SLR Path Opt
Phase 2.2 Update Timing before SLR Path Opt | Checksum: 1cbb9541d

Time (s): cpu = 00:00:10 ; elapsed = 00:00:03 . Memory (MB): peak = 3092.430 ; gain = 0.000 ; free physical = 7047 ; free virtual = 24206

Phase 2.3 Post-Processing in Floorplanning
Phase 2.3 Post-Processing in Floorplanning | Checksum: 1cbb9541d

Time (s): cpu = 00:00:10 ; elapsed = 00:00:03 . Memory (MB): peak = 3092.430 ; gain = 0.000 ; free physical = 7047 ; free virtual = 24206

Phase 2.4 Global Place Phase1
Phase 2.4 Global Place Phase1 | Checksum: 29be0d06b

Time (s): cpu = 00:00:41 ; elapsed = 00:00:11 . Memory (MB): peak = 3092.430 ; gain = 0.000 ; free physical = 7031 ; free virtual = 24190

Phase 2.5 Global Place Phase2

Phase 2.5.1 UpdateTiming Before Physical Synthesis
Phase 2.5.1 UpdateTiming Before Physical Synthesis | Checksum: 1e9fde565

Time (s): cpu = 00:00:43 ; elapsed = 00:00:11 . Memory (MB): peak = 3092.430 ; gain = 0.000 ; free physical = 7032 ; free virtual = 24191

Phase 2.5.2 Physical Synthesis In Placer
INFO: [Physopt 32-1035] Found 0 LUTNM shape to break, 263 LUT instances to create LUTNM shape
INFO: [Physopt 32-1044] Break lutnm for timing: one critical 0, two critical 0, total 0, new lutff created 0
INFO: [Physopt 32-1138] End 1 Pass. Optimized 118 nets or LUTs. Breaked 0 LUT, combined 118 existing LUTs and moved 0 existing LUT
INFO: [Physopt 32-65] No nets found for high-fanout optimization.
INFO: [Physopt 32-232] Optimized 0 net. Created 0 new instance.
INFO: [Physopt 32-775] End 1 Pass. Optimized 0 net or cell. Created 0 new cell, deleted 0 existing cell and moved 0 existing cell
INFO: [Physopt 32-456] No candidate cells for DSP register optimization found in the design.
INFO: [Physopt 32-775] End 2 Pass. Optimized 0 net or cell. Created 0 new cell, deleted 0 existing cell and moved 0 existing cell
INFO: [Physopt 32-1123] No candidate cells found for Shift Register to Pipeline optimization
INFO: [Physopt 32-775] End 2 Pass. Optimized 0 net or cell. Created 0 new cell, deleted 0 existing cell and moved 0 existing cell
INFO: [Physopt 32-1401] No candidate cells found for Shift Register optimization.
INFO: [Physopt 32-677] No candidate cells for Shift Register optimization found in the design
INFO: [Physopt 32-775] End 1 Pass. Optimized 0 net or cell. Created 0 new cell, deleted 0 existing cell and moved 0 existing cell
INFO: [Physopt 32-526] No candidate cells for BRAM register optimization found in the design
INFO: [Physopt 32-775] End 1 Pass. Optimized 0 net or cell. Created 0 new cell, deleted 0 existing cell and moved 0 existing cell
INFO: [Physopt 32-846] No candidate cells for URAM register optimization found in the design
INFO: [Physopt 32-775] End 1 Pass. Optimized 0 net or cell. Created 0 new cell, deleted 0 existing cell and moved 0 existing cell
INFO: [Physopt 32-846] No candidate cells for URAM register optimization found in the design
INFO: [Physopt 32-775] End 1 Pass. Optimized 0 net or cell. Created 0 new cell, deleted 0 existing cell and moved 0 existing cell
INFO: [Physopt 32-949] No candidate nets found for dynamic/static region interface net replication
INFO: [Physopt 32-775] End 1 Pass. Optimized 0 net or cell. Created 0 new cell, deleted 0 existing cell and moved 0 existing cell
Netlist sorting complete. Time (s): cpu = 00:00:00 ; elapsed = 00:00:00 . Memory (MB): peak = 3092.430 ; gain = 0.000 ; free physical = 7025 ; free virtual = 24184

Summary of Physical Synthesis Optimizations
============================================


-----------------------------------------------------------------------------------------------------------------------------------------------------------
|  Optimization                                     |  Added Cells  |  Removed Cells  |  Optimized Cells/Nets  |  Dont Touch  |  Iterations  |  Elapsed   |
-----------------------------------------------------------------------------------------------------------------------------------------------------------
|  LUT Combining                                    |            0  |            118  |                   118  |           0  |           1  |  00:00:00  |
|  Retime                                           |            0  |              0  |                     0  |           0  |           1  |  00:00:00  |
|  Very High Fanout                                 |            0  |              0  |                     0  |           0  |           1  |  00:00:00  |
|  DSP Register                                     |            0  |              0  |                     0  |           0  |           1  |  00:00:00  |
|  Shift Register to Pipeline                       |            0  |              0  |                     0  |           0  |           1  |  00:00:00  |
|  Shift Register                                   |            0  |              0  |                     0  |           0  |           1  |  00:00:00  |
|  BRAM Register                                    |            0  |              0  |                     0  |           0  |           1  |  00:00:00  |
|  URAM Register                                    |            0  |              0  |                     0  |           0  |           1  |  00:00:00  |
|  Dynamic/Static Region Interface Net Replication  |            0  |              0  |                     0  |           0  |           1  |  00:00:00  |
|  Total                                            |            0  |            118  |                   118  |           0  |           9  |  00:00:00  |
-----------------------------------------------------------------------------------------------------------------------------------------------------------


Phase 2.5.2 Physical Synthesis In Placer | Checksum: 28fbe1c4c

Time (s): cpu = 00:00:45 ; elapsed = 00:00:12 . Memory (MB): peak = 3092.430 ; gain = 0.000 ; free physical = 7034 ; free virtual = 24193
Phase 2.5 Global Place Phase2 | Checksum: 231d1ff9e

Time (s): cpu = 00:00:47 ; elapsed = 00:00:13 . Memory (MB): peak = 3092.430 ; gain = 0.000 ; free physical = 7034 ; free virtual = 24193
Phase 2 Global Placement | Checksum: 231d1ff9e

Time (s): cpu = 00:00:47 ; elapsed = 00:00:13 . Memory (MB): peak = 3092.430 ; gain = 0.000 ; free physical = 7034 ; free virtual = 24193

Phase 3 Detail Placement

Phase 3.1 Commit Multi Column Macros
Phase 3.1 Commit Multi Column Macros | Checksum: 2afe74756

Time (s): cpu = 00:00:49 ; elapsed = 00:00:13 . Memory (MB): peak = 3092.430 ; gain = 0.000 ; free physical = 7034 ; free virtual = 24193

Phase 3.2 Commit Most Macros & LUTRAMs
Phase 3.2 Commit Most Macros & LUTRAMs | Checksum: 2c55eeb3a

Time (s): cpu = 00:00:51 ; elapsed = 00:00:14 . Memory (MB): peak = 3092.430 ; gain = 0.000 ; free physical = 7034 ; free virtual = 24193

Phase 3.3 Area Swap Optimization
Phase 3.3 Area Swap Optimization | Checksum: 1c918ec27

Time (s): cpu = 00:00:52 ; elapsed = 00:00:14 . Memory (MB): peak = 3092.430 ; gain = 0.000 ; free physical = 7033 ; free virtual = 24192

Phase 3.4 Pipeline Register Optimization
Phase 3.4 Pipeline Register Optimization | Checksum: 1e951e34f

Time (s): cpu = 00:00:52 ; elapsed = 00:00:14 . Memory (MB): peak = 3092.430 ; gain = 0.000 ; free physical = 7033 ; free virtual = 24192

Phase 3.5 Fast Optimization
Phase 3.5 Fast Optimization | Checksum: 2a64085e8

Time (s): cpu = 00:00:56 ; elapsed = 00:00:15 . Memory (MB): peak = 3092.430 ; gain = 0.000 ; free physical = 7012 ; free virtual = 24172

Phase 3.6 Small Shape Detail Placement
Phase 3.6 Small Shape Detail Placement | Checksum: 1d29a0a28

Time (s): cpu = 00:00:59 ; elapsed = 00:00:17 . Memory (MB): peak = 3092.430 ; gain = 0.000 ; free physical = 7014 ; free virtual = 24174

Phase 3.7 Re-assign LUT pins
Phase 3.7 Re-assign LUT pins | Checksum: 1e74a7750

Time (s): cpu = 00:01:00 ; elapsed = 00:00:18 . Memory (MB): peak = 3092.430 ; gain = 0.000 ; free physical = 7016 ; free virtual = 24176

Phase 3.8 Pipeline Register Optimization
Phase 3.8 Pipeline Register Optimization | Checksum: 27eba3ff0

Time (s): cpu = 00:01:00 ; elapsed = 00:00:18 . Memory (MB): peak = 3092.430 ; gain = 0.000 ; free physical = 7016 ; free virtual = 24175

Phase 3.9 Fast Optimization
Phase 3.9 Fast Optimization | Checksum: 23e01b193

Time (s): cpu = 00:01:05 ; elapsed = 00:00:19 . Memory (MB): peak = 3092.430 ; gain = 0.000 ; free physical = 7023 ; free virtual = 24182
Phase 3 Detail Placement | Checksum: 23e01b193

Time (s): cpu = 00:01:05 ; elapsed = 00:00:19 . Memory (MB): peak = 3092.430 ; gain = 0.000 ; free physical = 7023 ; free virtual = 24182

Phase 4 Post Placement Optimization and Clean-Up

Phase 4.1 Post Commit Optimization
INFO: [Timing 38-35] Done setting XDC timing constraints.

Phase 4.1.1 Post Placement Optimization
Post Placement Optimization Initialization | Checksum: 2c9ce4aaf

Phase 4.1.1.1 BUFG Insertion

Starting Physical Synthesis Task

Phase 1 Physical Synthesis Initialization
INFO: [Physopt 32-721] Multithreading enabled for phys_opt_design using a maximum of 8 CPUs
INFO: [Physopt 32-619] Estimated Timing Summary | WNS=-4.519 | TNS=-40.770 |
Phase 1 Physical Synthesis Initialization | Checksum: 22caabf8f

Time (s): cpu = 00:00:00.47 ; elapsed = 00:00:00.11 . Memory (MB): peak = 3092.430 ; gain = 0.000 ; free physical = 7030 ; free virtual = 24189
INFO: [Place 46-56] BUFG insertion identified 0 candidate nets. Inserted BUFG: 0, Replicated BUFG Driver: 0, Skipped due to Placement/Routing Conflicts: 0, Skipped due to Timing Degradation: 0, Skipped due to netlist editing failed: 0.
Ending Physical Synthesis Task | Checksum: 337f28d41

Time (s): cpu = 00:00:00.5 ; elapsed = 00:00:00.13 . Memory (MB): peak = 3092.430 ; gain = 0.000 ; free physical = 7030 ; free virtual = 24189
Phase 4.1.1.1 BUFG Insertion | Checksum: 2c9ce4aaf

Time (s): cpu = 00:01:10 ; elapsed = 00:00:20 . Memory (MB): peak = 3092.430 ; gain = 0.000 ; free physical = 7030 ; free virtual = 24189

Phase 4.1.1.2 Post Placement Timing Optimization
INFO: [Place 30-746] Post Placement Timing Summary WNS=-3.822. For the most accurate timing information please run report_timing.
Phase 4.1.1.2 Post Placement Timing Optimization | Checksum: 1c41d8753

Time (s): cpu = 00:01:24 ; elapsed = 00:00:31 . Memory (MB): peak = 3092.430 ; gain = 0.000 ; free physical = 7063 ; free virtual = 24222

Time (s): cpu = 00:01:24 ; elapsed = 00:00:31 . Memory (MB): peak = 3092.430 ; gain = 0.000 ; free physical = 7063 ; free virtual = 24222
Phase 4.1 Post Commit Optimization | Checksum: 1c41d8753

Time (s): cpu = 00:01:24 ; elapsed = 00:00:31 . Memory (MB): peak = 3092.430 ; gain = 0.000 ; free physical = 7063 ; free virtual = 24222

Phase 4.2 Post Placement Cleanup
Phase 4.2 Post Placement Cleanup | Checksum: 1c41d8753

Time (s): cpu = 00:01:25 ; elapsed = 00:00:31 . Memory (MB): peak = 3092.430 ; gain = 0.000 ; free physical = 7063 ; free virtual = 24222

Phase 4.3 Placer Reporting

Phase 4.3.1 Print Estimated Congestion
INFO: [Place 30-612] Post-Placement Estimated Congestion 
 ____________________________________________________
|           | Global Congestion | Short Congestion  |
| Direction | Region Size       | Region Size       |
|___________|___________________|___________________|
|      North|                1x1|                1x1|
|___________|___________________|___________________|
|      South|                1x1|                1x1|
|___________|___________________|___________________|
|       East|                1x1|                1x1|
|___________|___________________|___________________|
|       West|                1x1|                1x1|
|___________|___________________|___________________|

Phase 4.3.1 Print Estimated Congestion | Checksum: 1c41d8753

Time (s): cpu = 00:01:25 ; elapsed = 00:00:32 . Memory (MB): peak = 3092.430 ; gain = 0.000 ; free physical = 7062 ; free virtual = 24222
Phase 4.3 Placer Reporting | Checksum: 1c41d8753

Time (s): cpu = 00:01:25 ; elapsed = 00:00:32 . Memory (MB): peak = 3092.430 ; gain = 0.000 ; free physical = 7062 ; free virtual = 24222

Phase 4.4 Final Placement Cleanup
Netlist sorting complete. Time (s): cpu = 00:00:00 ; elapsed = 00:00:00 . Memory (MB): peak = 3092.430 ; gain = 0.000 ; free physical = 7062 ; free virtual = 24222

Time (s): cpu = 00:01:25 ; elapsed = 00:00:32 . Memory (MB): peak = 3092.430 ; gain = 0.000 ; free physical = 7062 ; free virtual = 24222
Phase 4 Post Placement Optimization and Clean-Up | Checksum: 1ea1c80da

Time (s): cpu = 00:01:25 ; elapsed = 00:00:32 . Memory (MB): peak = 3092.430 ; gain = 0.000 ; free physical = 7062 ; free virtual = 24222
Ending Placer Task | Checksum: 17974eed7

Time (s): cpu = 00:01:25 ; elapsed = 00:00:32 . Memory (MB): peak = 3092.430 ; gain = 0.000 ; free physical = 7062 ; free virtual = 24222
91 Infos, 2 Warnings, 0 Critical Warnings and 0 Errors encountered.
place_design completed successfully
place_design: Time (s): cpu = 00:01:30 ; elapsed = 00:00:33 . Memory (MB): peak = 3092.430 ; gain = 0.000 ; free physical = 7062 ; free virtual = 24222
INFO: [Timing 38-480] Writing timing data to binary archive.
Wrote PlaceDB: Time (s): cpu = 00:00:00 ; elapsed = 00:00:00 . Memory (MB): peak = 3092.430 ; gain = 0.000 ; free physical = 7062 ; free virtual = 24222
Wrote PulsedLatchDB: Time (s): cpu = 00:00:00 ; elapsed = 00:00:00 . Memory (MB): peak = 3092.430 ; gain = 0.000 ; free physical = 7062 ; free virtual = 24222
Writing XDEF routing.
Writing XDEF routing logical nets.
Writing XDEF routing special nets.
Wrote RouteStorage: Time (s): cpu = 00:00:00.1 ; elapsed = 00:00:00.02 . Memory (MB): peak = 3092.430 ; gain = 0.000 ; free physical = 7062 ; free virtual = 24222
Write ShapeDB Complete: Time (s): cpu = 00:00:00.15 ; elapsed = 00:00:00.04 . Memory (MB): peak = 3092.430 ; gain = 0.000 ; free physical = 7062 ; free virtual = 24221
Wrote PlaceStorage: Time (s): cpu = 00:00:01 ; elapsed = 00:00:00.34 . Memory (MB): peak = 3092.430 ; gain = 0.000 ; free physical = 7060 ; free virtual = 24226
Wrote Netlist Cache: Time (s): cpu = 00:00:00.01 ; elapsed = 00:00:00.01 . Memory (MB): peak = 3092.430 ; gain = 0.000 ; free physical = 7060 ; free virtual = 24227
Wrote Device Cache: Time (s): cpu = 00:00:00.01 ; elapsed = 00:00:00 . Memory (MB): peak = 3092.430 ; gain = 0.000 ; free physical = 7060 ; free virtual = 24227
Write Physdb Complete: Time (s): cpu = 00:00:01 ; elapsed = 00:00:00.38 . Memory (MB): peak = 3092.430 ; gain = 0.000 ; free physical = 7060 ; free virtual = 24227
INFO: [Common 17-1381] The checkpoint '/home/splexmus/Documents/Basys3-Camera/src/project_1.runs/impl_1/ov7670_top_placed.dcp' has been generated.
Command: route_design
Attempting to get a license for feature 'Implementation' and/or device 'xc7a35t'
INFO: [Common 17-349] Got license for feature 'Implementation' and/or device 'xc7a35t'


Starting Routing Task
INFO: [Route 35-254] Multithreading enabled for route_design using a maximum of 8 CPUs

Phase 1 Build RT Design
Checksum: PlaceDB: ed76492 ConstDB: 0 ShapeSum: ca1c2dee RouteDB: a0815c57
Post Restoration Checksum: NetGraph: 84a7051d | NumContArr: ef1f1dc2 | Constraints: c2a8fa9d | Timing: c2a8fa9d
Phase 1 Build RT Design | Checksum: 2f9181819

Time (s): cpu = 00:00:27 ; elapsed = 00:00:21 . Memory (MB): peak = 3092.430 ; gain = 0.000 ; free physical = 7066 ; free virtual = 24228

Phase 2 Router Initialization

Phase 2.1 Fix Topology Constraints
Phase 2.1 Fix Topology Constraints | Checksum: 2f9181819

Time (s): cpu = 00:00:27 ; elapsed = 00:00:21 . Memory (MB): peak = 3092.430 ; gain = 0.000 ; free physical = 7066 ; free virtual = 24228

Phase 2.2 Pre Route Cleanup
Phase 2.2 Pre Route Cleanup | Checksum: 2f9181819

Time (s): cpu = 00:00:27 ; elapsed = 00:00:21 . Memory (MB): peak = 3092.430 ; gain = 0.000 ; free physical = 7066 ; free virtual = 24228
 Number of Nodes with overlaps = 0

Phase 2.3 Update Timing
Phase 2.3 Update Timing | Checksum: 2788fec7d

Time (s): cpu = 00:00:33 ; elapsed = 00:00:23 . Memory (MB): peak = 3092.430 ; gain = 0.000 ; free physical = 7053 ; free virtual = 24214
INFO: [Route 35-416] Intermediate Timing Summary | WNS=-3.637 | TNS=-33.867| WHS=-0.208 | THS=-151.148|


Phase 2.4 Update Timing for Bus Skew

Phase 2.4.1 Update Timing
Phase 2.4.1 Update Timing | Checksum: 26f7ab732

Time (s): cpu = 00:00:36 ; elapsed = 00:00:24 . Memory (MB): peak = 3092.430 ; gain = 0.000 ; free physical = 7036 ; free virtual = 24197
INFO: [Route 35-416] Intermediate Timing Summary | WNS=-3.637 | TNS=-35.769| WHS=-0.060 | THS=-0.229 |

Phase 2.4 Update Timing for Bus Skew | Checksum: 23ef17c85

Time (s): cpu = 00:00:36 ; elapsed = 00:00:24 . Memory (MB): peak = 3092.430 ; gain = 0.000 ; free physical = 7036 ; free virtual = 24197

Phase 2.5 Soft Constraint Pins - Fast Budgeting
Phase 2.5 Soft Constraint Pins - Fast Budgeting | Checksum: 23ef17c85

Time (s): cpu = 00:00:36 ; elapsed = 00:00:24 . Memory (MB): peak = 3092.430 ; gain = 0.000 ; free physical = 7036 ; free virtual = 24197

Router Utilization Summary
  Global Vertical Routing Utilization    = 0 %
  Global Horizontal Routing Utilization  = 0 %
  Routable Net Status*
  *Does not include unroutable nets such as driverless and loadless.
  Run report_route_status for detailed report.
  Number of Failed Nets               = 5238
    (Failed Nets is the sum of unrouted and partially routed nets)
  Number of Unrouted Nets             = 5238
  Number of Partially Routed Nets     = 0
  Number of Node Overlaps             = 0

Phase 2 Router Initialization | Checksum: 27d4ed183

Time (s): cpu = 00:00:37 ; elapsed = 00:00:24 . Memory (MB): peak = 3092.430 ; gain = 0.000 ; free physical = 7033 ; free virtual = 24195

Phase 3 Global Routing
Phase 3 Global Routing | Checksum: 27d4ed183

Time (s): cpu = 00:00:37 ; elapsed = 00:00:24 . Memory (MB): peak = 3092.430 ; gain = 0.000 ; free physical = 7033 ; free virtual = 24195

Phase 4 Initial Routing

Phase 4.1 Initial Net Routing Pass
Phase 4.1 Initial Net Routing Pass | Checksum: 234b3f775

Time (s): cpu = 00:00:51 ; elapsed = 00:00:31 . Memory (MB): peak = 3092.430 ; gain = 0.000 ; free physical = 7036 ; free virtual = 24198
Phase 4 Initial Routing | Checksum: 234b3f775

Time (s): cpu = 00:00:51 ; elapsed = 00:00:31 . Memory (MB): peak = 3092.430 ; gain = 0.000 ; free physical = 7036 ; free virtual = 24198

Phase 5 Rip-up And Reroute

Phase 5.1 Global Iteration 0
 Number of Nodes with overlaps = 445
 Number of Nodes with overlaps = 68
 Number of Nodes with overlaps = 36
 Number of Nodes with overlaps = 17
 Number of Nodes with overlaps = 3
 Number of Nodes with overlaps = 1
 Number of Nodes with overlaps = 0
INFO: [Route 35-416] Intermediate Timing Summary | WNS=-4.113 | TNS=-41.925| WHS=N/A    | THS=N/A    |

Phase 5.1 Global Iteration 0 | Checksum: 23c0bf2c3

Time (s): cpu = 00:01:06 ; elapsed = 00:00:41 . Memory (MB): peak = 3092.430 ; gain = 0.000 ; free physical = 7027 ; free virtual = 24189

Phase 5.2 Global Iteration 1
 Number of Nodes with overlaps = 76
 Number of Nodes with overlaps = 35
 Number of Nodes with overlaps = 12
 Number of Nodes with overlaps = 6
 Number of Nodes with overlaps = 0
INFO: [Route 35-416] Intermediate Timing Summary | WNS=-3.905 | TNS=-39.763| WHS=N/A    | THS=N/A    |

Phase 5.2 Global Iteration 1 | Checksum: 3014a7e73

Time (s): cpu = 00:01:10 ; elapsed = 00:00:44 . Memory (MB): peak = 3092.430 ; gain = 0.000 ; free physical = 7058 ; free virtual = 24220

Phase 5.3 Global Iteration 2
 Number of Nodes with overlaps = 84
 Number of Nodes with overlaps = 43
 Number of Nodes with overlaps = 12
 Number of Nodes with overlaps = 2
 Number of Nodes with overlaps = 0
INFO: [Route 35-416] Intermediate Timing Summary | WNS=-4.167 | TNS=-43.353| WHS=N/A    | THS=N/A    |

Phase 5.3 Global Iteration 2 | Checksum: 206d00428

Time (s): cpu = 00:01:13 ; elapsed = 00:00:46 . Memory (MB): peak = 3092.430 ; gain = 0.000 ; free physical = 7069 ; free virtual = 24231
Phase 5 Rip-up And Reroute | Checksum: 206d00428

Time (s): cpu = 00:01:13 ; elapsed = 00:00:47 . Memory (MB): peak = 3092.430 ; gain = 0.000 ; free physical = 7069 ; free virtual = 24231

Phase 6 Delay and Skew Optimization

Phase 6.1 Delay CleanUp

Phase 6.1.1 Update Timing
Phase 6.1.1 Update Timing | Checksum: 2173ac0fd

Time (s): cpu = 00:01:13 ; elapsed = 00:00:47 . Memory (MB): peak = 3092.430 ; gain = 0.000 ; free physical = 7069 ; free virtual = 24230
INFO: [Route 35-416] Intermediate Timing Summary | WNS=-3.839 | TNS=-38.641| WHS=N/A    | THS=N/A    |

 Number of Nodes with overlaps = 0
Phase 6.1 Delay CleanUp | Checksum: 1f9d096cb

Time (s): cpu = 00:01:13 ; elapsed = 00:00:47 . Memory (MB): peak = 3092.430 ; gain = 0.000 ; free physical = 7069 ; free virtual = 24230

Phase 6.2 Clock Skew Optimization
Phase 6.2 Clock Skew Optimization | Checksum: 1f9d096cb

Time (s): cpu = 00:01:13 ; elapsed = 00:00:47 . Memory (MB): peak = 3092.430 ; gain = 0.000 ; free physical = 7069 ; free virtual = 24230
Phase 6 Delay and Skew Optimization | Checksum: 1f9d096cb

Time (s): cpu = 00:01:13 ; elapsed = 00:00:47 . Memory (MB): peak = 3092.430 ; gain = 0.000 ; free physical = 7069 ; free virtual = 24230

Phase 7 Post Hold Fix

Phase 7.1 Hold Fix Iter
INFO: [Route 35-416] Intermediate Timing Summary | WNS=-3.829 | TNS=-38.531| WHS=0.060  | THS=0.000  |

Phase 7.1 Hold Fix Iter | Checksum: 1546ea80d

Time (s): cpu = 00:01:14 ; elapsed = 00:00:47 . Memory (MB): peak = 3092.430 ; gain = 0.000 ; free physical = 7069 ; free virtual = 24230
Phase 7 Post Hold Fix | Checksum: 1546ea80d

Time (s): cpu = 00:01:14 ; elapsed = 00:00:47 . Memory (MB): peak = 3092.430 ; gain = 0.000 ; free physical = 7069 ; free virtual = 24230

Phase 8 Route finalize

Router Utilization Summary
  Global Vertical Routing Utilization    = 1.73053 %
  Global Horizontal Routing Utilization  = 1.91268 %
  Routable Net Status*
  *Does not include unroutable nets such as driverless and loadless.
  Run report_route_status for detailed report.
  Number of Failed Nets               = 0
    (Failed Nets is the sum of unrouted and partially routed nets)
  Number of Unrouted Nets             = 0
  Number of Partially Routed Nets     = 0
  Number of Node Overlaps             = 0


--GLOBAL Congestion:
Utilization threshold used for congestion level computation: 0.85
Congestion Report
North Dir 1x1 Area, Max Cong = 34.2342%, No Congested Regions.
South Dir 1x1 Area, Max Cong = 44.1441%, No Congested Regions.
East Dir 1x1 Area, Max Cong = 47.0588%, No Congested Regions.
West Dir 1x1 Area, Max Cong = 42.6471%, No Congested Regions.

------------------------------
Reporting congestion hotspots
------------------------------
Direction: North
----------------
Congested clusters found at Level 0
Effective congestion level: 0 Aspect Ratio: 1 Sparse Ratio: 0
Direction: South
----------------
Congested clusters found at Level 0
Effective congestion level: 0 Aspect Ratio: 1 Sparse Ratio: 0
Direction: East
----------------
Congested clusters found at Level 0
Effective congestion level: 0 Aspect Ratio: 1 Sparse Ratio: 0
Direction: West
----------------
Congested clusters found at Level 0
Effective congestion level: 0 Aspect Ratio: 1 Sparse Ratio: 0

Phase 8 Route finalize | Checksum: 1546ea80d

Time (s): cpu = 00:01:14 ; elapsed = 00:00:47 . Memory (MB): peak = 3092.430 ; gain = 0.000 ; free physical = 7069 ; free virtual = 24230

Phase 9 Verifying routed nets

 Verification completed successfully
Phase 9 Verifying routed nets | Checksum: 1546ea80d

Time (s): cpu = 00:01:14 ; elapsed = 00:00:47 . Memory (MB): peak = 3092.430 ; gain = 0.000 ; free physical = 7068 ; free virtual = 24230

Phase 10 Depositing Routes
Phase 10 Depositing Routes | Checksum: 1c4fb881d

Time (s): cpu = 00:01:15 ; elapsed = 00:00:47 . Memory (MB): peak = 3092.430 ; gain = 0.000 ; free physical = 7068 ; free virtual = 24229

Phase 11 Post Process Routing
Phase 11 Post Process Routing | Checksum: 1c4fb881d

Time (s): cpu = 00:01:15 ; elapsed = 00:00:47 . Memory (MB): peak = 3092.430 ; gain = 0.000 ; free physical = 7068 ; free virtual = 24229

Phase 12 Post Router Timing
INFO: [Route 35-57] Estimated Timing Summary | WNS=-3.829 | TNS=-38.531| WHS=0.060  | THS=0.000  |

WARNING: [Route 35-328] Router estimated timing not met.
Resolution: For a complete and accurate timing signoff, report_timing_summary must be run after route_design. Alternatively, route_design can be run with the -timing_summary option to enable a complete timing signoff at the end of route_design.
Phase 12 Post Router Timing | Checksum: 1c4fb881d

Time (s): cpu = 00:01:15 ; elapsed = 00:00:47 . Memory (MB): peak = 3092.430 ; gain = 0.000 ; free physical = 7068 ; free virtual = 24229
Total Elapsed time in route_design: 47.48 secs

Phase 13 Post-Route Event Processing
Phase 13 Post-Route Event Processing | Checksum: 2285be4bb

Time (s): cpu = 00:01:16 ; elapsed = 00:00:48 . Memory (MB): peak = 3092.430 ; gain = 0.000 ; free physical = 7068 ; free virtual = 24229
INFO: [Route 35-16] Router Completed Successfully
Ending Routing Task | Checksum: 2285be4bb

Time (s): cpu = 00:01:16 ; elapsed = 00:00:48 . Memory (MB): peak = 3092.430 ; gain = 0.000 ; free physical = 7068 ; free virtual = 24229

Routing Is Done.
INFO: [Common 17-83] Releasing license: Implementation
105 Infos, 3 Warnings, 0 Critical Warnings and 0 Errors encountered.
route_design completed successfully
route_design: Time (s): cpu = 00:01:16 ; elapsed = 00:00:48 . Memory (MB): peak = 3092.430 ; gain = 0.000 ; free physical = 7067 ; free virtual = 24229
INFO: [Timing 38-480] Writing timing data to binary archive.
Wrote PlaceDB: Time (s): cpu = 00:00:00 ; elapsed = 00:00:00 . Memory (MB): peak = 3092.430 ; gain = 0.000 ; free physical = 7067 ; free virtual = 24229
Wrote PulsedLatchDB: Time (s): cpu = 00:00:00 ; elapsed = 00:00:00 . Memory (MB): peak = 3092.430 ; gain = 0.000 ; free physical = 7067 ; free virtual = 24229
Writing XDEF routing.
Writing XDEF routing logical nets.
Write ShapeDB Complete: Time (s): cpu = 00:00:00.1 ; elapsed = 00:00:00.02 . Memory (MB): peak = 3092.430 ; gain = 0.000 ; free physical = 7067 ; free virtual = 24229
Writing XDEF routing special nets.
Wrote RouteStorage: Time (s): cpu = 00:00:00.44 ; elapsed = 00:00:00.09 . Memory (MB): peak = 3092.430 ; gain = 0.000 ; free physical = 7066 ; free virtual = 24231
Wrote PlaceStorage: Time (s): cpu = 00:00:00.96 ; elapsed = 00:00:00.35 . Memory (MB): peak = 3092.430 ; gain = 0.000 ; free physical = 7062 ; free virtual = 24231
Wrote Netlist Cache: Time (s): cpu = 00:00:00.01 ; elapsed = 00:00:00.01 . Memory (MB): peak = 3092.430 ; gain = 0.000 ; free physical = 7062 ; free virtual = 24231
Wrote Device Cache: Time (s): cpu = 00:00:00.01 ; elapsed = 00:00:00 . Memory (MB): peak = 3092.430 ; gain = 0.000 ; free physical = 7062 ; free virtual = 24232
Write Physdb Complete: Time (s): cpu = 00:00:01 ; elapsed = 00:00:00.46 . Memory (MB): peak = 3092.430 ; gain = 0.000 ; free physical = 7062 ; free virtual = 24232
INFO: [Common 17-1381] The checkpoint '/home/splexmus/Documents/Basys3-Camera/src/project_1.runs/impl_1/ov7670_top_routed.dcp' has been generated.
Command: write_bitstream -force ov7670_top.bit
Attempting to get a license for feature 'Implementation' and/or device 'xc7a35t'
INFO: [Common 17-349] Got license for feature 'Implementation' and/or device 'xc7a35t'
Running DRC as a precondition to command write_bitstream
INFO: [IP_Flow 19-1839] IP Catalog is up to date.
INFO: [DRC 23-27] Running DRC with 8 threads
INFO: [Vivado 12-3199] DRC finished with 0 Errors
INFO: [Vivado 12-3200] Please refer to the DRC report (report_drc) for more information.
Integrating Hard IP ELF/MEM with the PDI.
INFO: [Designutils 20-2272] Running write_bitstream with 8 threads.
Loading data files...
Loading site data...
Loading route data...
Processing options...
Creating bitmap...
Creating bitstream...
Writing bitstream ./ov7670_top.bit...
INFO: [Vivado 12-1842] Bitgen Completed Successfully.
INFO: [Common 17-83] Releasing license: Implementation
115 Infos, 3 Warnings, 0 Critical Warnings and 0 Errors encountered.
write_bitstream completed successfully
write_bitstream: Time (s): cpu = 00:00:31 ; elapsed = 00:00:31 . Memory (MB): peak = 3094.375 ; gain = 1.945 ; free physical = 6917 ; free virtual = 24080
INFO: [Common 17-206] Exiting Vivado at Mon May 11 12:43:42 2026...
