
*** Running vivado
    with args -log ov7670_top.vds -m64 -product Vivado -mode batch -messageDb vivado.pb -notrace -source ov7670_top.tcl


****** Vivado v2025.2 (64-bit)
  **** SW Build 6299465 on Fri Nov 14 12:34:56 MST 2025
  **** IP Build 6300035 on Fri Nov 14 10:48:45 MST 2025
  **** SharedData Build 6298862 on Thu Nov 13 04:50:51 MST 2025
  **** Start of session at: Thu May  7 12:31:06 2026
    ** Copyright 1986-2022 Xilinx, Inc. All Rights Reserved.
    ** Copyright 2022-2025 Advanced Micro Devices, Inc. All Rights Reserved.

source ov7670_top.tcl -notrace
Command: read_checkpoint -auto_incremental -incremental /home/splexmus/Documents/Basys3-Camera/src/project_1.srcs/utils_1/imports/synth_1/ov7670_top.dcp
INFO: [Vivado 12-5825] Read reference checkpoint from /home/splexmus/Documents/Basys3-Camera/src/project_1.srcs/utils_1/imports/synth_1/ov7670_top.dcp for incremental synthesis
INFO: [Vivado 12-7989] Please ensure there are no constraint changes
Command: synth_design -top ov7670_top -part xc7a35tcpg236-2
Starting synth_design
Attempting to get a license for feature 'Synthesis' and/or device 'xc7a35t'
INFO: [Common 17-349] Got license for feature 'Synthesis' and/or device 'xc7a35t'
INFO: [Device 21-403] Loading part xc7a35tcpg236-2
INFO: [Designutils 20-5440] No compile time benefit to using incremental synthesis; A full resynthesis will be run
INFO: [Designutils 20-4379] Flow is switching to default flow due to incremental criteria not met. If you would like to alter this behaviour and have the flow terminate instead, please set the following parameter config_implementation {autoIncr.Synth.RejectBehavior Terminate}
INFO: [Synth 8-7079] Multithreading enabled for synth_design using a maximum of 7 processes.
INFO: [Synth 8-7078] Launching helper process for spawning children vivado processes
INFO: [Synth 8-7075] Helper process launched with PID 1473844
---------------------------------------------------------------------------------
Starting RTL Elaboration : Time (s): cpu = 00:00:11 ; elapsed = 00:00:12 . Memory (MB): peak = 2211.496 ; gain = 482.156 ; free physical = 12048 ; free virtual = 28409
---------------------------------------------------------------------------------
WARNING: [Synth 8-9400] empty statement in sequential block [/home/splexmus/Documents/Basys3-Camera/src/project_1.srcs/sources_1/new/vga_disp.v:88]
WARNING: [Synth 8-9400] empty statement in sequential block [/home/splexmus/Documents/Basys3-Camera/src/project_1.srcs/sources_1/new/vga_disp.v:101]
INFO: [Synth 8-6157] synthesizing module 'ov7670_top' [/home/splexmus/Documents/Basys3-Camera/src/project_1.srcs/sources_1/new/ov7670_top.v:4]
INFO: [Synth 8-6157] synthesizing module 'debounce' [/home/splexmus/Documents/Basys3-Camera/src/project_1.srcs/sources_1/new/debounce.v:1]
INFO: [Synth 8-6155] done synthesizing module 'debounce' (0#1) [/home/splexmus/Documents/Basys3-Camera/src/project_1.srcs/sources_1/new/debounce.v:1]
INFO: [Synth 8-6157] synthesizing module 'pixel_filter' [/home/splexmus/Documents/Basys3-Camera/src/project_1.srcs/sources_1/new/pixel_filter.v:1]
INFO: [Synth 8-226] default block is never used [/home/splexmus/Documents/Basys3-Camera/src/project_1.srcs/sources_1/new/pixel_filter.v:19]
INFO: [Synth 8-6155] done synthesizing module 'pixel_filter' (0#1) [/home/splexmus/Documents/Basys3-Camera/src/project_1.srcs/sources_1/new/pixel_filter.v:1]
INFO: [Synth 8-6157] synthesizing module 'vga' [/home/splexmus/Documents/Basys3-Camera/src/project_1.srcs/sources_1/new/vga_disp.v:25]
INFO: [Synth 8-6155] done synthesizing module 'vga' (0#1) [/home/splexmus/Documents/Basys3-Camera/src/project_1.srcs/sources_1/new/vga_disp.v:25]
INFO: [Synth 8-638] synthesizing module 'blk_mem_gen_0' [/home/splexmus/Documents/Basys3-Camera/src/project_1.gen/sources_1/ip/blk_mem_gen_0/synth/blk_mem_gen_0.vhd:71]
	Parameter C_FAMILY bound to: artix7 - type: string 
	Parameter C_XDEVICEFAMILY bound to: artix7 - type: string 
	Parameter C_ELABORATION_DIR bound to: ./ - type: string 
	Parameter C_INTERFACE_TYPE bound to: 0 - type: integer 
	Parameter C_AXI_TYPE bound to: 1 - type: integer 
	Parameter C_AXI_SLAVE_TYPE bound to: 0 - type: integer 
	Parameter C_USE_BRAM_BLOCK bound to: 0 - type: integer 
	Parameter C_ENABLE_32BIT_ADDRESS bound to: 0 - type: integer 
	Parameter C_CTRL_ECC_ALGO bound to: NONE - type: string 
	Parameter C_HAS_AXI_ID bound to: 0 - type: integer 
	Parameter C_AXI_ID_WIDTH bound to: 4 - type: integer 
	Parameter C_MEM_TYPE bound to: 1 - type: integer 
	Parameter C_BYTE_SIZE bound to: 9 - type: integer 
	Parameter C_ALGORITHM bound to: 1 - type: integer 
	Parameter C_PRIM_TYPE bound to: 1 - type: integer 
	Parameter C_LOAD_INIT_FILE bound to: 0 - type: integer 
	Parameter C_INIT_FILE_NAME bound to: no_coe_file_loaded - type: string 
	Parameter C_INIT_FILE bound to: blk_mem_gen_0.mem - type: string 
	Parameter C_USE_DEFAULT_DATA bound to: 0 - type: integer 
	Parameter C_DEFAULT_DATA bound to: 0 - type: string 
	Parameter C_HAS_RSTA bound to: 0 - type: integer 
	Parameter C_RST_PRIORITY_A bound to: CE - type: string 
	Parameter C_RSTRAM_A bound to: 0 - type: integer 
	Parameter C_INITA_VAL bound to: 0 - type: string 
	Parameter C_HAS_ENA bound to: 0 - type: integer 
	Parameter C_HAS_REGCEA bound to: 0 - type: integer 
	Parameter C_USE_BYTE_WEA bound to: 0 - type: integer 
	Parameter C_WEA_WIDTH bound to: 1 - type: integer 
	Parameter C_WRITE_MODE_A bound to: NO_CHANGE - type: string 
	Parameter C_WRITE_WIDTH_A bound to: 12 - type: integer 
	Parameter C_READ_WIDTH_A bound to: 12 - type: integer 
	Parameter C_WRITE_DEPTH_A bound to: 76800 - type: integer 
	Parameter C_READ_DEPTH_A bound to: 76800 - type: integer 
	Parameter C_ADDRA_WIDTH bound to: 17 - type: integer 
	Parameter C_HAS_RSTB bound to: 0 - type: integer 
	Parameter C_RST_PRIORITY_B bound to: CE - type: string 
	Parameter C_RSTRAM_B bound to: 0 - type: integer 
	Parameter C_INITB_VAL bound to: 0 - type: string 
	Parameter C_HAS_ENB bound to: 0 - type: integer 
	Parameter C_HAS_REGCEB bound to: 0 - type: integer 
	Parameter C_USE_BYTE_WEB bound to: 0 - type: integer 
	Parameter C_WEB_WIDTH bound to: 1 - type: integer 
	Parameter C_WRITE_MODE_B bound to: WRITE_FIRST - type: string 
	Parameter C_WRITE_WIDTH_B bound to: 12 - type: integer 
	Parameter C_READ_WIDTH_B bound to: 12 - type: integer 
	Parameter C_WRITE_DEPTH_B bound to: 76800 - type: integer 
	Parameter C_READ_DEPTH_B bound to: 76800 - type: integer 
	Parameter C_ADDRB_WIDTH bound to: 17 - type: integer 
	Parameter C_HAS_MEM_OUTPUT_REGS_A bound to: 0 - type: integer 
	Parameter C_HAS_MEM_OUTPUT_REGS_B bound to: 1 - type: integer 
	Parameter C_HAS_MUX_OUTPUT_REGS_A bound to: 0 - type: integer 
	Parameter C_HAS_MUX_OUTPUT_REGS_B bound to: 0 - type: integer 
	Parameter C_MUX_PIPELINE_STAGES bound to: 0 - type: integer 
	Parameter C_HAS_SOFTECC_INPUT_REGS_A bound to: 0 - type: integer 
	Parameter C_HAS_SOFTECC_OUTPUT_REGS_B bound to: 0 - type: integer 
	Parameter C_USE_SOFTECC bound to: 0 - type: integer 
	Parameter C_USE_ECC bound to: 0 - type: integer 
	Parameter C_EN_ECC_PIPE bound to: 0 - type: integer 
	Parameter C_READ_LATENCY_A bound to: 1 - type: integer 
	Parameter C_READ_LATENCY_B bound to: 1 - type: integer 
	Parameter C_HAS_INJECTERR bound to: 0 - type: integer 
	Parameter C_SIM_COLLISION_CHECK bound to: ALL - type: string 
	Parameter C_COMMON_CLK bound to: 0 - type: integer 
	Parameter C_DISABLE_WARN_BHV_COLL bound to: 0 - type: integer 
	Parameter C_EN_SLEEP_PIN bound to: 0 - type: integer 
	Parameter C_USE_URAM bound to: 0 - type: integer 
	Parameter C_EN_RDADDRA_CHG bound to: 0 - type: integer 
	Parameter C_EN_RDADDRB_CHG bound to: 0 - type: integer 
	Parameter C_EN_DEEPSLEEP_PIN bound to: 0 - type: integer 
	Parameter C_EN_SHUTDOWN_PIN bound to: 0 - type: integer 
	Parameter C_EN_SAFETY_CKT bound to: 0 - type: integer 
	Parameter C_DISABLE_WARN_BHV_RANGE bound to: 0 - type: integer 
	Parameter C_COUNT_36K_BRAM bound to: 26 - type: string 
	Parameter C_COUNT_18K_BRAM bound to: 1 - type: string 
	Parameter C_EST_POWER_SUMMARY bound to: Estimated Power for IP     :     16.2184 mW - type: string 
INFO: [Synth 8-3491] module 'blk_mem_gen_v8_4_12' declared at '/home/splexmus/Documents/Basys3-Camera/src/project_1.gen/sources_1/ip/blk_mem_gen_0/hdl/blk_mem_gen_v8_4_vhsyn_rfs.vhd:195209' bound to instance 'U0' of component 'blk_mem_gen_v8_4_12' [/home/splexmus/Documents/Basys3-Camera/src/project_1.gen/sources_1/ip/blk_mem_gen_0/synth/blk_mem_gen_0.vhd:242]
INFO: [Synth 8-256] done synthesizing module 'blk_mem_gen_0' (0#1) [/home/splexmus/Documents/Basys3-Camera/src/project_1.gen/sources_1/ip/blk_mem_gen_0/synth/blk_mem_gen_0.vhd:71]
INFO: [Synth 8-6157] synthesizing module 'downscale_32x32' [/home/splexmus/Documents/Basys3-Camera/src/project_1.srcs/sources_1/new/downscale_32x32.v:1]
INFO: [Synth 8-6155] done synthesizing module 'downscale_32x32' (0#1) [/home/splexmus/Documents/Basys3-Camera/src/project_1.srcs/sources_1/new/downscale_32x32.v:1]
INFO: [Synth 8-6157] synthesizing module 'classifier' [/home/splexmus/Documents/Basys3-Camera/src/project_1.srcs/sources_1/new/classifier.v:1]
INFO: [Synth 8-6155] done synthesizing module 'classifier' (0#1) [/home/splexmus/Documents/Basys3-Camera/src/project_1.srcs/sources_1/new/classifier.v:1]
INFO: [Synth 8-6157] synthesizing module 'buffer_32x32' [/home/splexmus/Documents/Basys3-Camera/src/project_1.srcs/sources_1/new/buffer_32x32.v:2]
INFO: [Synth 8-6155] done synthesizing module 'buffer_32x32' (0#1) [/home/splexmus/Documents/Basys3-Camera/src/project_1.srcs/sources_1/new/buffer_32x32.v:2]
INFO: [Synth 8-6157] synthesizing module 'ov7670_capture' [/home/splexmus/Documents/Basys3-Camera/src/project_1.srcs/sources_1/new/camera_capture.v:1]
INFO: [Synth 8-6155] done synthesizing module 'ov7670_capture' (0#1) [/home/splexmus/Documents/Basys3-Camera/src/project_1.srcs/sources_1/new/camera_capture.v:1]
INFO: [Synth 8-6157] synthesizing module 'I2C_AV_Config' [/home/splexmus/Documents/Basys3-Camera/src/project_1.srcs/sources_1/new/camera_config.v:23]
INFO: [Synth 8-155] case statement is not full and has no default [/home/splexmus/Documents/Basys3-Camera/src/project_1.srcs/sources_1/new/camera_config.v:122]
INFO: [Synth 8-6157] synthesizing module 'I2C_OV7670_RGB565_Config' [/home/splexmus/Documents/Basys3-Camera/src/project_1.srcs/sources_1/new/sccb_sender.v:296]
INFO: [Synth 8-6155] done synthesizing module 'I2C_OV7670_RGB565_Config' (0#1) [/home/splexmus/Documents/Basys3-Camera/src/project_1.srcs/sources_1/new/sccb_sender.v:296]
INFO: [Synth 8-6157] synthesizing module 'I2C_Controller' [/home/splexmus/Documents/Basys3-Camera/src/project_1.srcs/sources_1/new/sccb_sender.v:23]
INFO: [Synth 8-6155] done synthesizing module 'I2C_Controller' (0#1) [/home/splexmus/Documents/Basys3-Camera/src/project_1.srcs/sources_1/new/sccb_sender.v:23]
INFO: [Synth 8-6155] done synthesizing module 'I2C_AV_Config' (0#1) [/home/splexmus/Documents/Basys3-Camera/src/project_1.srcs/sources_1/new/camera_config.v:23]
INFO: [Synth 8-6157] synthesizing module 'clk_wiz_0' [/home/splexmus/Documents/Basys3-Camera/src/project_1.gen/sources_1/ip/clk_wiz_0/clk_wiz_0.v:68]
INFO: [Synth 8-6157] synthesizing module 'clk_wiz_0_clk_wiz' [/home/splexmus/Documents/Basys3-Camera/src/project_1.gen/sources_1/ip/clk_wiz_0/clk_wiz_0_clk_wiz.v:68]
INFO: [Synth 8-6157] synthesizing module 'IBUF' [/home/splexmus/Documents/vivado/2025.2/Vivado/scripts/rt/data/unisim_comp.v:82804]
INFO: [Synth 8-6155] done synthesizing module 'IBUF' (0#1) [/home/splexmus/Documents/vivado/2025.2/Vivado/scripts/rt/data/unisim_comp.v:82804]
INFO: [Synth 8-6157] synthesizing module 'PLLE2_ADV' [/home/splexmus/Documents/vivado/2025.2/Vivado/scripts/rt/data/unisim_comp.v:133907]
	Parameter BANDWIDTH bound to: OPTIMIZED - type: string 
	Parameter CLKFBOUT_MULT bound to: 12 - type: integer 
	Parameter CLKFBOUT_PHASE bound to: 0.000000e+00 - type: double 
	Parameter CLKIN1_PERIOD bound to: 1.000000e+01 - type: double 
	Parameter CLKOUT0_DIVIDE bound to: 24 - type: integer 
	Parameter CLKOUT0_DUTY_CYCLE bound to: 5.000000e-01 - type: double 
	Parameter CLKOUT0_PHASE bound to: 0.000000e+00 - type: double 
	Parameter CLKOUT1_DIVIDE bound to: 48 - type: integer 
	Parameter CLKOUT1_DUTY_CYCLE bound to: 5.000000e-01 - type: double 
	Parameter CLKOUT1_PHASE bound to: 0.000000e+00 - type: double 
	Parameter CLKOUT2_DIVIDE bound to: 12 - type: integer 
	Parameter CLKOUT2_DUTY_CYCLE bound to: 5.000000e-01 - type: double 
	Parameter CLKOUT2_PHASE bound to: 0.000000e+00 - type: double 
	Parameter CLKOUT3_DIVIDE bound to: 50 - type: integer 
	Parameter CLKOUT3_DUTY_CYCLE bound to: 5.000000e-01 - type: double 
	Parameter CLKOUT3_PHASE bound to: 0.000000e+00 - type: double 
	Parameter COMPENSATION bound to: ZHOLD - type: string 
	Parameter DIVCLK_DIVIDE bound to: 1 - type: integer 
	Parameter STARTUP_WAIT bound to: FALSE - type: string 
INFO: [Synth 8-6155] done synthesizing module 'PLLE2_ADV' (0#1) [/home/splexmus/Documents/vivado/2025.2/Vivado/scripts/rt/data/unisim_comp.v:133907]
INFO: [Synth 8-6157] synthesizing module 'BUFG' [/home/splexmus/Documents/vivado/2025.2/Vivado/scripts/rt/data/unisim_comp.v:2678]
INFO: [Synth 8-6155] done synthesizing module 'BUFG' (0#1) [/home/splexmus/Documents/vivado/2025.2/Vivado/scripts/rt/data/unisim_comp.v:2678]
INFO: [Synth 8-6155] done synthesizing module 'clk_wiz_0_clk_wiz' (0#1) [/home/splexmus/Documents/Basys3-Camera/src/project_1.gen/sources_1/ip/clk_wiz_0/clk_wiz_0_clk_wiz.v:68]
INFO: [Synth 8-6155] done synthesizing module 'clk_wiz_0' (0#1) [/home/splexmus/Documents/Basys3-Camera/src/project_1.gen/sources_1/ip/clk_wiz_0/clk_wiz_0.v:68]
WARNING: [Synth 8-4446] all outputs are unconnected for this instance and logic may be removed [/home/splexmus/Documents/Basys3-Camera/src/project_1.srcs/sources_1/new/ov7670_top.v:187]
INFO: [Synth 8-6157] synthesizing module 'ila_1' [/home/splexmus/Documents/Basys3-Camera/src/project_1.runs/synth_1/.Xil/Vivado-1472534-Ubuntuvictus/realtime/ila_1_stub.v:6]
INFO: [Synth 8-6155] done synthesizing module 'ila_1' (0#1) [/home/splexmus/Documents/Basys3-Camera/src/project_1.runs/synth_1/.Xil/Vivado-1472534-Ubuntuvictus/realtime/ila_1_stub.v:6]
INFO: [Synth 8-6157] synthesizing module 'conv3x3' [/home/splexmus/Documents/Basys3-Camera/src/project_1.srcs/sources_1/new/con3x3.v:2]
INFO: [Synth 8-155] case statement is not full and has no default [/home/splexmus/Documents/Basys3-Camera/src/project_1.srcs/sources_1/new/con3x3.v:70]
INFO: [Synth 8-6155] done synthesizing module 'conv3x3' (0#1) [/home/splexmus/Documents/Basys3-Camera/src/project_1.srcs/sources_1/new/con3x3.v:2]
INFO: [Synth 8-6155] done synthesizing module 'ov7670_top' (0#1) [/home/splexmus/Documents/Basys3-Camera/src/project_1.srcs/sources_1/new/ov7670_top.v:4]
INFO: [Synth 8-6071] Mark debug on the nets applies keep_hierarchy on instance 'ds'. This will prevent further optimization [/home/splexmus/Documents/Basys3-Camera/src/project_1.srcs/sources_1/new/ov7670_top.v:116]
INFO: [Synth 8-6071] Mark debug on the nets applies keep_hierarchy on instance 'ila_cnn'. This will prevent further optimization [/home/splexmus/Documents/Basys3-Camera/src/project_1.srcs/sources_1/new/ov7670_top.v:187]
INFO: [Synth 8-6071] Mark debug on the nets applies keep_hierarchy on instance 'cnn'. This will prevent further optimization [/home/splexmus/Documents/Basys3-Camera/src/project_1.srcs/sources_1/new/ov7670_top.v:199]
INFO: [Synth 8-6071] Mark debug on the nets applies keep_hierarchy on instance 'buf32'. This will prevent further optimization [/home/splexmus/Documents/Basys3-Camera/src/project_1.srcs/sources_1/new/ov7670_top.v:137]
INFO: [Synth 8-6071] Mark debug on the nets applies keep_hierarchy on instance 'cls'. This will prevent further optimization [/home/splexmus/Documents/Basys3-Camera/src/project_1.srcs/sources_1/new/ov7670_top.v:129]
WARNING: [Synth 8-3917] design ov7670_top has port LED[3] driven by constant 0
WARNING: [Synth 8-3917] design ov7670_top has port LED[2] driven by constant 0
WARNING: [Synth 8-3917] design ov7670_top has port LED[1] driven by constant 0
WARNING: [Synth 8-3917] design ov7670_top has port pwdn driven by constant 0
WARNING: [Synth 8-3917] design ov7670_top has port reset driven by constant 1
WARNING: [Synth 8-3917] design ov7670_top has port an[3] driven by constant 1
WARNING: [Synth 8-3917] design ov7670_top has port an[2] driven by constant 1
WARNING: [Synth 8-3917] design ov7670_top has port an[1] driven by constant 1
WARNING: [Synth 8-3917] design ov7670_top has port an[0] driven by constant 0
WARNING: [Synth 8-7129] Port CLKB in module blk_mem_output_block is either unconnected or has no load
WARNING: [Synth 8-7129] Port DOUTA_I[11] in module blk_mem_output_block is either unconnected or has no load
WARNING: [Synth 8-7129] Port DOUTA_I[10] in module blk_mem_output_block is either unconnected or has no load
WARNING: [Synth 8-7129] Port DOUTA_I[9] in module blk_mem_output_block is either unconnected or has no load
WARNING: [Synth 8-7129] Port DOUTA_I[8] in module blk_mem_output_block is either unconnected or has no load
WARNING: [Synth 8-7129] Port DOUTA_I[7] in module blk_mem_output_block is either unconnected or has no load
WARNING: [Synth 8-7129] Port DOUTA_I[6] in module blk_mem_output_block is either unconnected or has no load
WARNING: [Synth 8-7129] Port DOUTA_I[5] in module blk_mem_output_block is either unconnected or has no load
WARNING: [Synth 8-7129] Port DOUTA_I[4] in module blk_mem_output_block is either unconnected or has no load
WARNING: [Synth 8-7129] Port DOUTA_I[3] in module blk_mem_output_block is either unconnected or has no load
WARNING: [Synth 8-7129] Port DOUTA_I[2] in module blk_mem_output_block is either unconnected or has no load
WARNING: [Synth 8-7129] Port DOUTA_I[1] in module blk_mem_output_block is either unconnected or has no load
WARNING: [Synth 8-7129] Port DOUTA_I[0] in module blk_mem_output_block is either unconnected or has no load
WARNING: [Synth 8-7129] Port SBITERR_I in module blk_mem_output_block is either unconnected or has no load
WARNING: [Synth 8-7129] Port DBITERR_I in module blk_mem_output_block is either unconnected or has no load
WARNING: [Synth 8-7129] Port RDADDRECC_I[16] in module blk_mem_output_block is either unconnected or has no load
WARNING: [Synth 8-7129] Port RDADDRECC_I[15] in module blk_mem_output_block is either unconnected or has no load
WARNING: [Synth 8-7129] Port RDADDRECC_I[14] in module blk_mem_output_block is either unconnected or has no load
WARNING: [Synth 8-7129] Port RDADDRECC_I[13] in module blk_mem_output_block is either unconnected or has no load
WARNING: [Synth 8-7129] Port RDADDRECC_I[12] in module blk_mem_output_block is either unconnected or has no load
WARNING: [Synth 8-7129] Port RDADDRECC_I[11] in module blk_mem_output_block is either unconnected or has no load
WARNING: [Synth 8-7129] Port RDADDRECC_I[10] in module blk_mem_output_block is either unconnected or has no load
WARNING: [Synth 8-7129] Port RDADDRECC_I[9] in module blk_mem_output_block is either unconnected or has no load
WARNING: [Synth 8-7129] Port RDADDRECC_I[8] in module blk_mem_output_block is either unconnected or has no load
WARNING: [Synth 8-7129] Port RDADDRECC_I[7] in module blk_mem_output_block is either unconnected or has no load
WARNING: [Synth 8-7129] Port RDADDRECC_I[6] in module blk_mem_output_block is either unconnected or has no load
WARNING: [Synth 8-7129] Port RDADDRECC_I[5] in module blk_mem_output_block is either unconnected or has no load
WARNING: [Synth 8-7129] Port RDADDRECC_I[4] in module blk_mem_output_block is either unconnected or has no load
WARNING: [Synth 8-7129] Port RDADDRECC_I[3] in module blk_mem_output_block is either unconnected or has no load
WARNING: [Synth 8-7129] Port RDADDRECC_I[2] in module blk_mem_output_block is either unconnected or has no load
WARNING: [Synth 8-7129] Port RDADDRECC_I[1] in module blk_mem_output_block is either unconnected or has no load
WARNING: [Synth 8-7129] Port RDADDRECC_I[0] in module blk_mem_output_block is either unconnected or has no load
WARNING: [Synth 8-7129] Port DOUTA[8] in module blk_mem_gen_prim_wrapper__parameterized22 is either unconnected or has no load
WARNING: [Synth 8-7129] Port DOUTA[7] in module blk_mem_gen_prim_wrapper__parameterized22 is either unconnected or has no load
WARNING: [Synth 8-7129] Port DOUTA[6] in module blk_mem_gen_prim_wrapper__parameterized22 is either unconnected or has no load
WARNING: [Synth 8-7129] Port DOUTA[5] in module blk_mem_gen_prim_wrapper__parameterized22 is either unconnected or has no load
WARNING: [Synth 8-7129] Port DOUTA[4] in module blk_mem_gen_prim_wrapper__parameterized22 is either unconnected or has no load
WARNING: [Synth 8-7129] Port DOUTA[3] in module blk_mem_gen_prim_wrapper__parameterized22 is either unconnected or has no load
WARNING: [Synth 8-7129] Port DOUTA[2] in module blk_mem_gen_prim_wrapper__parameterized22 is either unconnected or has no load
WARNING: [Synth 8-7129] Port DOUTA[1] in module blk_mem_gen_prim_wrapper__parameterized22 is either unconnected or has no load
WARNING: [Synth 8-7129] Port DOUTA[0] in module blk_mem_gen_prim_wrapper__parameterized22 is either unconnected or has no load
WARNING: [Synth 8-7129] Port SBITERR in module blk_mem_gen_prim_wrapper__parameterized22 is either unconnected or has no load
WARNING: [Synth 8-7129] Port DBITERR in module blk_mem_gen_prim_wrapper__parameterized22 is either unconnected or has no load
WARNING: [Synth 8-7129] Port SSRA in module blk_mem_gen_prim_wrapper__parameterized22 is either unconnected or has no load
WARNING: [Synth 8-7129] Port REGCEA in module blk_mem_gen_prim_wrapper__parameterized22 is either unconnected or has no load
WARNING: [Synth 8-7129] Port SSRB in module blk_mem_gen_prim_wrapper__parameterized22 is either unconnected or has no load
WARNING: [Synth 8-7129] Port WEB[0] in module blk_mem_gen_prim_wrapper__parameterized22 is either unconnected or has no load
WARNING: [Synth 8-7129] Port DINB[8] in module blk_mem_gen_prim_wrapper__parameterized22 is either unconnected or has no load
WARNING: [Synth 8-7129] Port DINB[7] in module blk_mem_gen_prim_wrapper__parameterized22 is either unconnected or has no load
WARNING: [Synth 8-7129] Port DINB[6] in module blk_mem_gen_prim_wrapper__parameterized22 is either unconnected or has no load
WARNING: [Synth 8-7129] Port DINB[5] in module blk_mem_gen_prim_wrapper__parameterized22 is either unconnected or has no load
WARNING: [Synth 8-7129] Port DINB[4] in module blk_mem_gen_prim_wrapper__parameterized22 is either unconnected or has no load
WARNING: [Synth 8-7129] Port DINB[3] in module blk_mem_gen_prim_wrapper__parameterized22 is either unconnected or has no load
WARNING: [Synth 8-7129] Port DINB[2] in module blk_mem_gen_prim_wrapper__parameterized22 is either unconnected or has no load
WARNING: [Synth 8-7129] Port DINB[1] in module blk_mem_gen_prim_wrapper__parameterized22 is either unconnected or has no load
WARNING: [Synth 8-7129] Port DINB[0] in module blk_mem_gen_prim_wrapper__parameterized22 is either unconnected or has no load
WARNING: [Synth 8-7129] Port SLEEP in module blk_mem_gen_prim_wrapper__parameterized22 is either unconnected or has no load
WARNING: [Synth 8-7129] Port INJECTSBITERR in module blk_mem_gen_prim_wrapper__parameterized22 is either unconnected or has no load
WARNING: [Synth 8-7129] Port INJECTDBITERR in module blk_mem_gen_prim_wrapper__parameterized22 is either unconnected or has no load
WARNING: [Synth 8-7129] Port ECCPIPECE in module blk_mem_gen_prim_wrapper__parameterized22 is either unconnected or has no load
WARNING: [Synth 8-7129] Port DOUTA[8] in module blk_mem_gen_prim_wrapper__parameterized21 is either unconnected or has no load
WARNING: [Synth 8-7129] Port DOUTA[7] in module blk_mem_gen_prim_wrapper__parameterized21 is either unconnected or has no load
WARNING: [Synth 8-7129] Port DOUTA[6] in module blk_mem_gen_prim_wrapper__parameterized21 is either unconnected or has no load
WARNING: [Synth 8-7129] Port DOUTA[5] in module blk_mem_gen_prim_wrapper__parameterized21 is either unconnected or has no load
WARNING: [Synth 8-7129] Port DOUTA[4] in module blk_mem_gen_prim_wrapper__parameterized21 is either unconnected or has no load
WARNING: [Synth 8-7129] Port DOUTA[3] in module blk_mem_gen_prim_wrapper__parameterized21 is either unconnected or has no load
WARNING: [Synth 8-7129] Port DOUTA[2] in module blk_mem_gen_prim_wrapper__parameterized21 is either unconnected or has no load
WARNING: [Synth 8-7129] Port DOUTA[1] in module blk_mem_gen_prim_wrapper__parameterized21 is either unconnected or has no load
WARNING: [Synth 8-7129] Port DOUTA[0] in module blk_mem_gen_prim_wrapper__parameterized21 is either unconnected or has no load
WARNING: [Synth 8-7129] Port SBITERR in module blk_mem_gen_prim_wrapper__parameterized21 is either unconnected or has no load
WARNING: [Synth 8-7129] Port DBITERR in module blk_mem_gen_prim_wrapper__parameterized21 is either unconnected or has no load
WARNING: [Synth 8-7129] Port SSRA in module blk_mem_gen_prim_wrapper__parameterized21 is either unconnected or has no load
WARNING: [Synth 8-7129] Port REGCEA in module blk_mem_gen_prim_wrapper__parameterized21 is either unconnected or has no load
WARNING: [Synth 8-7129] Port SSRB in module blk_mem_gen_prim_wrapper__parameterized21 is either unconnected or has no load
WARNING: [Synth 8-7129] Port WEB[0] in module blk_mem_gen_prim_wrapper__parameterized21 is either unconnected or has no load
WARNING: [Synth 8-7129] Port DINB[8] in module blk_mem_gen_prim_wrapper__parameterized21 is either unconnected or has no load
WARNING: [Synth 8-7129] Port DINB[7] in module blk_mem_gen_prim_wrapper__parameterized21 is either unconnected or has no load
WARNING: [Synth 8-7129] Port DINB[6] in module blk_mem_gen_prim_wrapper__parameterized21 is either unconnected or has no load
WARNING: [Synth 8-7129] Port DINB[5] in module blk_mem_gen_prim_wrapper__parameterized21 is either unconnected or has no load
WARNING: [Synth 8-7129] Port DINB[4] in module blk_mem_gen_prim_wrapper__parameterized21 is either unconnected or has no load
WARNING: [Synth 8-7129] Port DINB[3] in module blk_mem_gen_prim_wrapper__parameterized21 is either unconnected or has no load
WARNING: [Synth 8-7129] Port DINB[2] in module blk_mem_gen_prim_wrapper__parameterized21 is either unconnected or has no load
WARNING: [Synth 8-7129] Port DINB[1] in module blk_mem_gen_prim_wrapper__parameterized21 is either unconnected or has no load
WARNING: [Synth 8-7129] Port DINB[0] in module blk_mem_gen_prim_wrapper__parameterized21 is either unconnected or has no load
WARNING: [Synth 8-7129] Port SLEEP in module blk_mem_gen_prim_wrapper__parameterized21 is either unconnected or has no load
WARNING: [Synth 8-7129] Port INJECTSBITERR in module blk_mem_gen_prim_wrapper__parameterized21 is either unconnected or has no load
WARNING: [Synth 8-7129] Port INJECTDBITERR in module blk_mem_gen_prim_wrapper__parameterized21 is either unconnected or has no load
WARNING: [Synth 8-7129] Port ECCPIPECE in module blk_mem_gen_prim_wrapper__parameterized21 is either unconnected or has no load
WARNING: [Synth 8-7129] Port DOUTA[8] in module blk_mem_gen_prim_wrapper__parameterized20 is either unconnected or has no load
WARNING: [Synth 8-7129] Port DOUTA[7] in module blk_mem_gen_prim_wrapper__parameterized20 is either unconnected or has no load
WARNING: [Synth 8-7129] Port DOUTA[6] in module blk_mem_gen_prim_wrapper__parameterized20 is either unconnected or has no load
WARNING: [Synth 8-7129] Port DOUTA[5] in module blk_mem_gen_prim_wrapper__parameterized20 is either unconnected or has no load
WARNING: [Synth 8-7129] Port DOUTA[4] in module blk_mem_gen_prim_wrapper__parameterized20 is either unconnected or has no load
WARNING: [Synth 8-7129] Port DOUTA[3] in module blk_mem_gen_prim_wrapper__parameterized20 is either unconnected or has no load
WARNING: [Synth 8-7129] Port DOUTA[2] in module blk_mem_gen_prim_wrapper__parameterized20 is either unconnected or has no load
WARNING: [Synth 8-7129] Port DOUTA[1] in module blk_mem_gen_prim_wrapper__parameterized20 is either unconnected or has no load
WARNING: [Synth 8-7129] Port DOUTA[0] in module blk_mem_gen_prim_wrapper__parameterized20 is either unconnected or has no load
WARNING: [Synth 8-7129] Port SBITERR in module blk_mem_gen_prim_wrapper__parameterized20 is either unconnected or has no load
WARNING: [Synth 8-7129] Port DBITERR in module blk_mem_gen_prim_wrapper__parameterized20 is either unconnected or has no load
WARNING: [Synth 8-7129] Port SSRA in module blk_mem_gen_prim_wrapper__parameterized20 is either unconnected or has no load
INFO: [Common 17-14] Message 'Synth 8-7129' appears 100 times and further instances of the messages will be disabled. Use the Tcl command set_msg_config to change the current settings.
---------------------------------------------------------------------------------
Finished RTL Elaboration : Time (s): cpu = 00:00:24 ; elapsed = 00:00:26 . Memory (MB): peak = 2533.137 ; gain = 803.797 ; free physical = 11770 ; free virtual = 28120
---------------------------------------------------------------------------------
---------------------------------------------------------------------------------
Start Handling Custom Attributes
---------------------------------------------------------------------------------
---------------------------------------------------------------------------------
Finished Handling Custom Attributes : Time (s): cpu = 00:00:24 ; elapsed = 00:00:26 . Memory (MB): peak = 2533.137 ; gain = 803.797 ; free physical = 11772 ; free virtual = 28123
---------------------------------------------------------------------------------
---------------------------------------------------------------------------------
Finished RTL Optimization Phase 1 : Time (s): cpu = 00:00:24 ; elapsed = 00:00:26 . Memory (MB): peak = 2533.137 ; gain = 803.797 ; free physical = 11772 ; free virtual = 28123
---------------------------------------------------------------------------------
Netlist sorting complete. Time (s): cpu = 00:00:00.05 ; elapsed = 00:00:00.05 . Memory (MB): peak = 2533.137 ; gain = 0.000 ; free physical = 11772 ; free virtual = 28123
INFO: [Netlist 29-17] Analyzing 28 Unisim elements for replacement
INFO: [Netlist 29-28] Unisim Transformation completed in 0 CPU seconds
INFO: [Project 1-570] Preparing netlist for logic optimization

Processing XDC Constraints
Initializing timing engine
Parsing XDC File [/home/splexmus/Documents/Basys3-Camera/src/project_1.gen/sources_1/ip/ila_1_1/ila_1/ila_1_in_context.xdc] for cell 'ila_cnn'
Finished Parsing XDC File [/home/splexmus/Documents/Basys3-Camera/src/project_1.gen/sources_1/ip/ila_1_1/ila_1/ila_1_in_context.xdc] for cell 'ila_cnn'
Parsing XDC File [/home/splexmus/Documents/Basys3-Camera/src/project_1.gen/sources_1/ip/clk_wiz_0/clk_wiz_0_board.xdc] for cell 'clk_div/inst'
Finished Parsing XDC File [/home/splexmus/Documents/Basys3-Camera/src/project_1.gen/sources_1/ip/clk_wiz_0/clk_wiz_0_board.xdc] for cell 'clk_div/inst'
Parsing XDC File [/home/splexmus/Documents/Basys3-Camera/src/project_1.gen/sources_1/ip/clk_wiz_0/clk_wiz_0.xdc] for cell 'clk_div/inst'
Finished Parsing XDC File [/home/splexmus/Documents/Basys3-Camera/src/project_1.gen/sources_1/ip/clk_wiz_0/clk_wiz_0.xdc] for cell 'clk_div/inst'
INFO: [Project 1-236] Implementation specific constraints were found while reading constraint file [/home/splexmus/Documents/Basys3-Camera/src/project_1.gen/sources_1/ip/clk_wiz_0/clk_wiz_0.xdc]. These constraints will be ignored for synthesis but will be used in implementation. Impacted constraints are listed in the file [.Xil/ov7670_top_propImpl.xdc].
Resolution: To avoid this warning, move constraints listed in [.Xil/ov7670_top_propImpl.xdc] to another XDC file and exclude this new file from synthesis with the used_in_synthesis property (File Properties dialog in GUI) and re-run elaboration/synthesis.
INFO: [Timing 38-2] Deriving generated clocks
Parsing XDC File [/home/splexmus/Documents/Basys3-Camera/src/project_1.srcs/constrs_1/new/constrain_1.xdc]
WARNING: [Vivado 12-507] No nets matched 'OV7670_PCLK_IBUF'. [/home/splexmus/Documents/Basys3-Camera/src/project_1.srcs/constrs_1/new/constrain_1.xdc:77]
Finished Parsing XDC File [/home/splexmus/Documents/Basys3-Camera/src/project_1.srcs/constrs_1/new/constrain_1.xdc]
WARNING: [Project 1-498] One or more constraints failed evaluation while reading constraint file [/home/splexmus/Documents/Basys3-Camera/src/project_1.srcs/constrs_1/new/constrain_1.xdc] and the design contains unresolved black boxes. These constraints will be read post-synthesis (as long as their source constraint file is marked as used_in_implementation) and should be applied correctly then. You should review the constraints listed in the file [.Xil/ov7670_top_propImpl.xdc] and check the run log file to verify that these constraints were correctly applied.
INFO: [Project 1-236] Implementation specific constraints were found while reading constraint file [/home/splexmus/Documents/Basys3-Camera/src/project_1.srcs/constrs_1/new/constrain_1.xdc]. These constraints will be ignored for synthesis but will be used in implementation. Impacted constraints are listed in the file [.Xil/ov7670_top_propImpl.xdc].
Resolution: To avoid this warning, move constraints listed in [.Xil/ov7670_top_propImpl.xdc] to another XDC file and exclude this new file from synthesis with the used_in_synthesis property (File Properties dialog in GUI) and re-run elaboration/synthesis.
Parsing XDC File [/home/splexmus/Documents/Basys3-Camera/src/project_1.runs/synth_1/dont_touch.xdc]
Finished Parsing XDC File [/home/splexmus/Documents/Basys3-Camera/src/project_1.runs/synth_1/dont_touch.xdc]
INFO: [Project 1-236] Implementation specific constraints were found while reading constraint file [/home/splexmus/Documents/Basys3-Camera/src/project_1.runs/synth_1/dont_touch.xdc]. These constraints will be ignored for synthesis but will be used in implementation. Impacted constraints are listed in the file [.Xil/ov7670_top_propImpl.xdc].
Resolution: To avoid this warning, move constraints listed in [.Xil/ov7670_top_propImpl.xdc] to another XDC file and exclude this new file from synthesis with the used_in_synthesis property (File Properties dialog in GUI) and re-run elaboration/synthesis.
Completed Processing XDC Constraints

Netlist sorting complete. Time (s): cpu = 00:00:00 ; elapsed = 00:00:00 . Memory (MB): peak = 2573.156 ; gain = 0.000 ; free physical = 11771 ; free virtual = 28119
INFO: [Project 1-111] Unisim Transformation Summary:
No Unisim elements were transformed.

Constraint Validation Runtime : Time (s): cpu = 00:00:00.03 ; elapsed = 00:00:00.02 . Memory (MB): peak = 2573.191 ; gain = 0.000 ; free physical = 11770 ; free virtual = 28119
INFO: [Designutils 20-5440] No compile time benefit to using incremental synthesis; A full resynthesis will be run
INFO: [Designutils 20-4379] Flow is switching to default flow due to incremental criteria not met. If you would like to alter this behaviour and have the flow terminate instead, please set the following parameter config_implementation {autoIncr.Synth.RejectBehavior Terminate}
---------------------------------------------------------------------------------
Finished Constraint Validation : Time (s): cpu = 00:00:36 ; elapsed = 00:00:38 . Memory (MB): peak = 2573.191 ; gain = 843.852 ; free physical = 11780 ; free virtual = 28131
---------------------------------------------------------------------------------
---------------------------------------------------------------------------------
Start Loading Part and Timing Information
---------------------------------------------------------------------------------
Loading part: xc7a35tcpg236-2
---------------------------------------------------------------------------------
Finished Loading Part and Timing Information : Time (s): cpu = 00:00:36 ; elapsed = 00:00:38 . Memory (MB): peak = 2581.160 ; gain = 851.820 ; free physical = 11780 ; free virtual = 28131
---------------------------------------------------------------------------------
---------------------------------------------------------------------------------
Start Applying 'set_property' XDC Constraints
---------------------------------------------------------------------------------
---------------------------------------------------------------------------------
Finished applying 'set_property' XDC Constraints : Time (s): cpu = 00:00:36 ; elapsed = 00:00:38 . Memory (MB): peak = 2581.160 ; gain = 851.820 ; free physical = 11780 ; free virtual = 28130
---------------------------------------------------------------------------------
INFO: [Synth 8-802] inferred FSM for state register 'mSetup_ST_reg' in module 'I2C_AV_Config'
---------------------------------------------------------------------------------------------------
                   State |                     New Encoding |                Previous Encoding 
---------------------------------------------------------------------------------------------------
                 iSTATE0 |                              001 |                               00
                  iSTATE |                              010 |                               01
                 iSTATE1 |                              100 |                               10
---------------------------------------------------------------------------------------------------
INFO: [Synth 8-3354] encoded FSM with state register 'mSetup_ST_reg' using encoding 'one-hot' in module 'I2C_AV_Config'
---------------------------------------------------------------------------------
Finished RTL Optimization Phase 2 : Time (s): cpu = 00:00:37 ; elapsed = 00:00:39 . Memory (MB): peak = 2581.160 ; gain = 851.820 ; free physical = 11781 ; free virtual = 28134
---------------------------------------------------------------------------------
---------------------------------------------------------------------------------
Start RTL Component Statistics 
---------------------------------------------------------------------------------
---------------------------------------------------------------------------------
Finished RTL Component Statistics 
---------------------------------------------------------------------------------
---------------------------------------------------------------------------------
Start Part Resource Summary
---------------------------------------------------------------------------------
Part Resources:
DSPs: 90 (col length:60)
BRAMs: 100 (col length: RAMB18 60 RAMB36 30)
---------------------------------------------------------------------------------
Finished Part Resource Summary
---------------------------------------------------------------------------------
---------------------------------------------------------------------------------
Start Cross Boundary and Area Optimization
---------------------------------------------------------------------------------
WARNING: [Synth 8-3917] design ov7670_top has port LED[3] driven by constant 0
WARNING: [Synth 8-3917] design ov7670_top has port LED[2] driven by constant 0
WARNING: [Synth 8-3917] design ov7670_top has port LED[1] driven by constant 0
WARNING: [Synth 8-3917] design ov7670_top has port pwdn driven by constant 0
WARNING: [Synth 8-3917] design ov7670_top has port reset driven by constant 1
WARNING: [Synth 8-3917] design ov7670_top has port seg[5] driven by constant 0
WARNING: [Synth 8-3917] design ov7670_top has port seg[4] driven by constant 0
WARNING: [Synth 8-3917] design ov7670_top has port seg[0] driven by constant 0
WARNING: [Synth 8-3917] design ov7670_top has port an[3] driven by constant 1
WARNING: [Synth 8-3917] design ov7670_top has port an[2] driven by constant 1
WARNING: [Synth 8-3917] design ov7670_top has port an[1] driven by constant 1
WARNING: [Synth 8-3917] design ov7670_top has port an[0] driven by constant 0
---------------------------------------------------------------------------------
Finished Cross Boundary and Area Optimization : Time (s): cpu = 00:00:48 ; elapsed = 00:00:51 . Memory (MB): peak = 2581.160 ; gain = 851.820 ; free physical = 11742 ; free virtual = 28106
---------------------------------------------------------------------------------
 Sort Area is  capture/addr_0 : 0 0 : 182 182 : Used 1 time 0
---------------------------------------------------------------------------------
Start Applying XDC Timing Constraints
---------------------------------------------------------------------------------
---------------------------------------------------------------------------------
Finished Applying XDC Timing Constraints : Time (s): cpu = 00:01:00 ; elapsed = 00:01:02 . Memory (MB): peak = 2581.160 ; gain = 851.820 ; free physical = 11757 ; free virtual = 28127
---------------------------------------------------------------------------------
---------------------------------------------------------------------------------
Start Timing Optimization
---------------------------------------------------------------------------------
---------------------------------------------------------------------------------
Finished Timing Optimization : Time (s): cpu = 00:01:00 ; elapsed = 00:01:03 . Memory (MB): peak = 2589.168 ; gain = 859.828 ; free physical = 11750 ; free virtual = 28119
---------------------------------------------------------------------------------
---------------------------------------------------------------------------------
Start Technology Mapping
---------------------------------------------------------------------------------
INFO: [Synth 8-7052] The timing for the instance buf32/mem_reg (implemented as a Block RAM) might be sub-optimal as no optional output register could be merged into the ram block. Providing additional output register may help in improving timing.
---------------------------------------------------------------------------------
Finished Technology Mapping : Time (s): cpu = 00:01:01 ; elapsed = 00:01:03 . Memory (MB): peak = 2597.176 ; gain = 867.836 ; free physical = 11694 ; free virtual = 28063
---------------------------------------------------------------------------------
---------------------------------------------------------------------------------
Start IO Insertion
---------------------------------------------------------------------------------
---------------------------------------------------------------------------------
Start Flattening Before IO Insertion
---------------------------------------------------------------------------------
---------------------------------------------------------------------------------
Finished Flattening Before IO Insertion
---------------------------------------------------------------------------------
---------------------------------------------------------------------------------
Start Final Netlist Cleanup
---------------------------------------------------------------------------------
---------------------------------------------------------------------------------
Finished Final Netlist Cleanup
---------------------------------------------------------------------------------
---------------------------------------------------------------------------------
Finished IO Insertion : Time (s): cpu = 00:01:10 ; elapsed = 00:01:13 . Memory (MB): peak = 2758.988 ; gain = 1029.648 ; free physical = 11492 ; free virtual = 27837
---------------------------------------------------------------------------------
---------------------------------------------------------------------------------
Start Renaming Generated Instances
---------------------------------------------------------------------------------
---------------------------------------------------------------------------------
Finished Renaming Generated Instances : Time (s): cpu = 00:01:10 ; elapsed = 00:01:13 . Memory (MB): peak = 2758.988 ; gain = 1029.648 ; free physical = 11492 ; free virtual = 27837
---------------------------------------------------------------------------------
---------------------------------------------------------------------------------
Start Rebuilding User Hierarchy
---------------------------------------------------------------------------------
---------------------------------------------------------------------------------
Finished Rebuilding User Hierarchy : Time (s): cpu = 00:01:10 ; elapsed = 00:01:13 . Memory (MB): peak = 2758.988 ; gain = 1029.648 ; free physical = 11492 ; free virtual = 27836
---------------------------------------------------------------------------------
---------------------------------------------------------------------------------
Start Renaming Generated Ports
---------------------------------------------------------------------------------
---------------------------------------------------------------------------------
Finished Renaming Generated Ports : Time (s): cpu = 00:01:10 ; elapsed = 00:01:13 . Memory (MB): peak = 2758.988 ; gain = 1029.648 ; free physical = 11492 ; free virtual = 27837
---------------------------------------------------------------------------------
---------------------------------------------------------------------------------
Start Handling Custom Attributes
---------------------------------------------------------------------------------
---------------------------------------------------------------------------------
Finished Handling Custom Attributes : Time (s): cpu = 00:01:10 ; elapsed = 00:01:13 . Memory (MB): peak = 2758.988 ; gain = 1029.648 ; free physical = 11492 ; free virtual = 27837
---------------------------------------------------------------------------------
---------------------------------------------------------------------------------
Start Renaming Generated Nets
---------------------------------------------------------------------------------
---------------------------------------------------------------------------------
Finished Renaming Generated Nets : Time (s): cpu = 00:01:10 ; elapsed = 00:01:13 . Memory (MB): peak = 2758.988 ; gain = 1029.648 ; free physical = 11490 ; free virtual = 27835
---------------------------------------------------------------------------------
---------------------------------------------------------------------------------
Start Writing Synthesis Report
---------------------------------------------------------------------------------

DSP Final Report (the ' indicates corresponding REG is set)
+------------+-------------+--------+--------+--------+--------+--------+------+------+------+------+-------+------+------+
|Module Name | DSP Mapping | A Size | B Size | C Size | D Size | P Size | AREG | BREG | CREG | DREG | ADREG | MREG | PREG | 
+------------+-------------+--------+--------+--------+--------+--------+------+------+------+------+-------+------+------+
|ov7670_top  | C'+A'*B     | 8      | 9      | 9      | -      | 17     | 1    | 0    | 1    | -    | -     | 0    | 0    | 
+------------+-------------+--------+--------+--------+--------+--------+------+------+------+------+-------+------+------+


Report BlackBoxes: 
+------+--------------+----------+
|      |BlackBox name |Instances |
+------+--------------+----------+
|1     |ila_1         |         1|
+------+--------------+----------+

Report Cell Usage: 
+------+----------+------+
|      |Cell      |Count |
+------+----------+------+
|1     |ila       |     1|
|2     |BUFG      |     6|
|3     |CARRY4    |    74|
|4     |DSP48E1   |     1|
|5     |LUT1      |    49|
|6     |LUT2      |   213|
|7     |LUT3      |    59|
|8     |LUT4      |    72|
|9     |LUT5      |   142|
|10    |LUT6      |   297|
|11    |MUXF7     |    37|
|12    |MUXF8     |     4|
|13    |PLLE2_ADV |     1|
|14    |RAMB18E1  |     2|
|16    |RAMB36E1  |    26|
|20    |FDCE      |    34|
|21    |FDPE      |     9|
|22    |FDRE      |   375|
|23    |FDSE      |     4|
|24    |IBUF      |    21|
|25    |IOBUF     |     1|
|26    |OBUF      |    38|
+------+----------+------+
---------------------------------------------------------------------------------
Finished Writing Synthesis Report : Time (s): cpu = 00:01:10 ; elapsed = 00:01:13 . Memory (MB): peak = 2758.988 ; gain = 1029.648 ; free physical = 11488 ; free virtual = 27833
---------------------------------------------------------------------------------
Synthesis finished with 0 errors, 0 critical warnings and 161 warnings.
Synthesis Optimization Runtime : Time (s): cpu = 00:01:07 ; elapsed = 00:01:10 . Memory (MB): peak = 2758.988 ; gain = 989.594 ; free physical = 11420 ; free virtual = 27806
Synthesis Optimization Complete : Time (s): cpu = 00:01:11 ; elapsed = 00:01:13 . Memory (MB): peak = 2758.996 ; gain = 1029.648 ; free physical = 11420 ; free virtual = 27806
INFO: [Project 1-571] Translating synthesized netlist
Netlist sorting complete. Time (s): cpu = 00:00:00.05 ; elapsed = 00:00:00.05 . Memory (MB): peak = 2758.996 ; gain = 0.000 ; free physical = 11593 ; free virtual = 28001
INFO: [Netlist 29-17] Analyzing 146 Unisim elements for replacement
INFO: [Netlist 29-28] Unisim Transformation completed in 0 CPU seconds
INFO: [Project 1-570] Preparing netlist for logic optimization
INFO: [Opt 31-138] Pushed 0 inverter(s) to 0 load pin(s).
Netlist sorting complete. Time (s): cpu = 00:00:00 ; elapsed = 00:00:00 . Memory (MB): peak = 2815.016 ; gain = 0.000 ; free physical = 11637 ; free virtual = 27972
INFO: [Project 1-111] Unisim Transformation Summary:
  A total of 1 instances were transformed.
  IOBUF => IOBUF (IBUF, OBUFT): 1 instance 

Synth Design complete | Checksum: 68fee721
INFO: [Common 17-83] Releasing license: Synthesis
77 Infos, 126 Warnings, 0 Critical Warnings and 0 Errors encountered.
synth_design completed successfully
synth_design: Time (s): cpu = 00:01:29 ; elapsed = 00:01:26 . Memory (MB): peak = 2815.051 ; gain = 1205.047 ; free physical = 11642 ; free virtual = 27976
INFO: [Common 17-2834] synth_design peak Physical Memory [PSS] (MB): overall = 2098.878; main = 1896.909; forked = 282.393
INFO: [Common 17-2834] synth_design peak Virtual Memory [VSS] (MB): overall = 3710.398; main = 2815.020; forked = 994.219
Write ShapeDB Complete: Time (s): cpu = 00:00:00.02 ; elapsed = 00:00:00.01 . Memory (MB): peak = 2839.027 ; gain = 0.000 ; free physical = 11641 ; free virtual = 27975
INFO: [Common 17-1381] The checkpoint '/home/splexmus/Documents/Basys3-Camera/src/project_1.runs/synth_1/ov7670_top.dcp' has been generated.
INFO: [Common 17-206] Exiting Vivado at Thu May  7 12:32:43 2026...
